<?xml version="1.0" encoding="utf-8"?>
<CoverageSession xmlns:xsd="http://www.w3.org/2001/XMLSchema" xmlns:xsi="http://www.w3.org/2001/XMLSchema-instance" Version="0.0.0.0">
  <Summary numSequencePoints="371" visitedSequencePoints="319" numBranchPoints="0" visitedBranchPoints="0" sequenceCoverage="85.98" branchCoverage="0.0" maxCyclomaticComplexity="0" minCyclomaticComplexity="0" maxCrapScore="0" minCrapScore="0" visitedClasses="21" numClasses="21" visitedMethods="59" numMethods="59" />
  <Modules>
    <Module>
      <Summary numSequencePoints="102" visitedSequencePoints="100" numBranchPoints="0" visitedBranchPoints="0" sequenceCoverage="98.04" branchCoverage="0.0" maxCyclomaticComplexity="0" minCyclomaticComplexity="0" maxCrapScore="0" minCrapScore="0" visitedClasses="14" numClasses="14" visitedMethods="16" numMethods="16" />
      <ModuleTime>0001-01-01T00:00:00</ModuleTime>
      <ModuleName>Tests</ModuleName>
      <Files>
        <File uid="1" fullPath="C:/Users/labuser/Desktop/Crashteroids_C00265675_C00260445/Assets/Tests/TestSuite.cs" />
      </Files>
      <Classes>
        <Class>
          <Summary numSequencePoints="12" visitedSequencePoints="12" numBranchPoints="0" visitedBranchPoints="0" sequenceCoverage="100.0" branchCoverage="0.0" maxCyclomaticComplexity="0" minCyclomaticComplexity="0" maxCrapScore="0" minCrapScore="0" visitedClasses="1" numClasses="1" visitedMethods="3" numMethods="3" />
          <FullName>TestSuite</FullName>
          <Methods>
            <Method visited="true" cyclomaticComplexity="0" nPathComplexity="0" sequenceCoverage="100.0" branchCoverage="0" crapScore="0" isConstructor="false" isStatic="false" isGetter="false" isSetter="false">
              <Summary numSequencePoints="4" visitedSequencePoints="4" numBranchPoints="0" visitedBranchPoints="0" sequenceCoverage="100.0" branchCoverage="0" maxCyclomaticComplexity="0" minCyclomaticComplexity="0" maxCrapScore="0" minCrapScore="0" visitedClasses="0" numClasses="0" visitedMethods="1" numMethods="1" />
              <MetadataToken>100663297</MetadataToken>
              <Name>System.Void TestSuite::Setup()</Name>
              <FileRef uid="1" />
              <SequencePoints>
                <SequencePoint vc="14" uspid="386" ordinal="0" offset="0" sl="13" sc="5" el="13" ec="5" bec="0" bev="0" fileid="1" />
                <SequencePoint vc="14" uspid="387" ordinal="0" offset="1" sl="14" sc="9" el="14" ec="9" bec="0" bev="0" fileid="1" />
                <SequencePoint vc="14" uspid="388" ordinal="0" offset="17" sl="16" sc="9" el="16" ec="9" bec="0" bev="0" fileid="1" />
                <SequencePoint vc="14" uspid="389" ordinal="0" offset="29" sl="17" sc="5" el="17" ec="5" bec="0" bev="0" fileid="1" />
              </SequencePoints>
              <BranchPoints />
            </Method>
            <Method visited="true" cyclomaticComplexity="0" nPathComplexity="0" sequenceCoverage="100.0" branchCoverage="0" crapScore="0" isConstructor="false" isStatic="false" isGetter="false" isSetter="false">
              <Summary numSequencePoints="3" visitedSequencePoints="3" numBranchPoints="0" visitedBranchPoints="0" sequenceCoverage="100.0" branchCoverage="0" maxCyclomaticComplexity="0" minCyclomaticComplexity="0" maxCrapScore="0" minCrapScore="0" visitedClasses="0" numClasses="0" visitedMethods="1" numMethods="1" />
              <MetadataToken>100663298</MetadataToken>
              <Name>System.Void TestSuite::Teardown()</Name>
              <FileRef uid="1" />
              <SequencePoints>
                <SequencePoint vc="14" uspid="390" ordinal="0" offset="0" sl="21" sc="5" el="21" ec="5" bec="0" bev="0" fileid="1" />
                <SequencePoint vc="14" uspid="391" ordinal="0" offset="1" sl="22" sc="9" el="22" ec="9" bec="0" bev="0" fileid="1" />
                <SequencePoint vc="14" uspid="392" ordinal="0" offset="18" sl="23" sc="5" el="23" ec="5" bec="0" bev="0" fileid="1" />
              </SequencePoints>
              <BranchPoints />
            </Method>
            <Method visited="true" cyclomaticComplexity="0" nPathComplexity="0" sequenceCoverage="100.0" branchCoverage="0" crapScore="0" isConstructor="false" isStatic="false" isGetter="false" isSetter="false">
              <Summary numSequencePoints="5" visitedSequencePoints="5" numBranchPoints="0" visitedBranchPoints="0" sequenceCoverage="100.0" branchCoverage="0" maxCyclomaticComplexity="0" minCyclomaticComplexity="0" maxCrapScore="0" minCrapScore="0" visitedClasses="0" numClasses="0" visitedMethods="1" numMethods="1" />
              <MetadataToken>100663301</MetadataToken>
              <Name>System.Void TestSuite::NewGameRestartsGame()</Name>
              <FileRef uid="1" />
              <SequencePoints>
                <SequencePoint vc="1" uspid="393" ordinal="0" offset="0" sl="55" sc="5" el="55" ec="5" bec="0" bev="0" fileid="1" />
                <SequencePoint vc="1" uspid="394" ordinal="0" offset="1" sl="57" sc="9" el="57" ec="9" bec="0" bev="0" fileid="1" />
                <SequencePoint vc="1" uspid="395" ordinal="0" offset="13" sl="58" sc="9" el="58" ec="9" bec="0" bev="0" fileid="1" />
                <SequencePoint vc="1" uspid="396" ordinal="0" offset="25" sl="60" sc="9" el="60" ec="9" bec="0" bev="0" fileid="1" />
                <SequencePoint vc="1" uspid="397" ordinal="0" offset="42" sl="61" sc="5" el="61" ec="5" bec="0" bev="0" fileid="1" />
              </SequencePoints>
              <BranchPoints />
            </Method>
          </Methods>
        </Class>
        <Class>
          <Summary numSequencePoints="6" visitedSequencePoints="6" numBranchPoints="0" visitedBranchPoints="0" sequenceCoverage="100.0" branchCoverage="0.0" maxCyclomaticComplexity="0" minCyclomaticComplexity="0" maxCrapScore="0" minCrapScore="0" visitedClasses="1" numClasses="1" visitedMethods="1" numMethods="1" />
          <FullName>TestSuite/&lt;AsteroidDestoryedAfterMovingOut&gt;d__12</FullName>
          <Methods>
            <Method visited="true" cyclomaticComplexity="0" nPathComplexity="0" sequenceCoverage="100.0" branchCoverage="0" crapScore="0" isConstructor="false" isStatic="false" isGetter="false" isSetter="false">
              <Summary numSequencePoints="6" visitedSequencePoints="6" numBranchPoints="0" visitedBranchPoints="0" sequenceCoverage="100.0" branchCoverage="0" maxCyclomaticComplexity="0" minCyclomaticComplexity="0" maxCrapScore="0" minCrapScore="0" visitedClasses="0" numClasses="0" visitedMethods="1" numMethods="1" />
              <MetadataToken>100663318</MetadataToken>
              <Name>System.Boolean TestSuite/&lt;AsteroidDestoryedAfterMovingOut&gt;d__12::MoveNext()</Name>
              <FileRef uid="1" />
              <SequencePoints>
                <SequencePoint vc="1" uspid="398" ordinal="0" offset="34" sl="142" sc="5" el="142" ec="5" bec="0" bev="0" fileid="1" />
                <SequencePoint vc="1" uspid="399" ordinal="0" offset="35" sl="144" sc="9" el="144" ec="9" bec="0" bev="0" fileid="1" />
                <SequencePoint vc="1" uspid="400" ordinal="0" offset="62" sl="145" sc="9" el="145" ec="9" bec="0" bev="0" fileid="1" />
                <SequencePoint vc="1" uspid="401" ordinal="0" offset="152" sl="146" sc="9" el="146" ec="9" bec="0" bev="0" fileid="1" />
                <SequencePoint vc="1" uspid="402" ordinal="0" offset="184" sl="148" sc="9" el="148" ec="9" bec="0" bev="0" fileid="1" />
                <SequencePoint vc="1" uspid="403" ordinal="0" offset="196" sl="149" sc="5" el="149" ec="5" bec="0" bev="0" fileid="1" />
              </SequencePoints>
              <BranchPoints />
            </Method>
          </Methods>
        </Class>
        <Class>
          <Summary numSequencePoints="6" visitedSequencePoints="6" numBranchPoints="0" visitedBranchPoints="0" sequenceCoverage="100.0" branchCoverage="0.0" maxCyclomaticComplexity="0" minCyclomaticComplexity="0" maxCrapScore="0" minCrapScore="0" visitedClasses="1" numClasses="1" visitedMethods="1" numMethods="1" />
          <FullName>TestSuite/&lt;AsteroidsMoveDown&gt;d__3</FullName>
          <Methods>
            <Method visited="true" cyclomaticComplexity="0" nPathComplexity="0" sequenceCoverage="100.0" branchCoverage="0" crapScore="0" isConstructor="false" isStatic="false" isGetter="false" isSetter="false">
              <Summary numSequencePoints="6" visitedSequencePoints="6" numBranchPoints="0" visitedBranchPoints="0" sequenceCoverage="100.0" branchCoverage="0" maxCyclomaticComplexity="0" minCyclomaticComplexity="0" maxCrapScore="0" minCrapScore="0" visitedClasses="0" numClasses="0" visitedMethods="1" numMethods="1" />
              <MetadataToken>100663324</MetadataToken>
              <Name>System.Boolean TestSuite/&lt;AsteroidsMoveDown&gt;d__3::MoveNext()</Name>
              <FileRef uid="1" />
              <SequencePoints>
                <SequencePoint vc="1" uspid="404" ordinal="0" offset="31" sl="28" sc="5" el="28" ec="5" bec="0" bev="0" fileid="1" />
                <SequencePoint vc="1" uspid="405" ordinal="0" offset="32" sl="30" sc="9" el="30" ec="9" bec="0" bev="0" fileid="1" />
                <SequencePoint vc="1" uspid="406" ordinal="0" offset="59" sl="32" sc="9" el="32" ec="9" bec="0" bev="0" fileid="1" />
                <SequencePoint vc="1" uspid="407" ordinal="0" offset="86" sl="34" sc="9" el="34" ec="9" bec="0" bev="0" fileid="1" />
                <SequencePoint vc="1" uspid="408" ordinal="0" offset="118" sl="36" sc="9" el="36" ec="9" bec="0" bev="0" fileid="1" />
                <SequencePoint vc="1" uspid="409" ordinal="0" offset="151" sl="37" sc="5" el="37" ec="5" bec="0" bev="0" fileid="1" />
              </SequencePoints>
              <BranchPoints />
            </Method>
          </Methods>
        </Class>
        <Class>
          <Summary numSequencePoints="8" visitedSequencePoints="8" numBranchPoints="0" visitedBranchPoints="0" sequenceCoverage="100.0" branchCoverage="0.0" maxCyclomaticComplexity="0" minCyclomaticComplexity="0" maxCrapScore="0" minCrapScore="0" visitedClasses="1" numClasses="1" visitedMethods="1" numMethods="1" />
          <FullName>TestSuite/&lt;DestroyedAsteroidRaisesScore&gt;d__8</FullName>
          <Methods>
            <Method visited="true" cyclomaticComplexity="0" nPathComplexity="0" sequenceCoverage="100.0" branchCoverage="0" crapScore="0" isConstructor="false" isStatic="false" isGetter="false" isSetter="false">
              <Summary numSequencePoints="8" visitedSequencePoints="8" numBranchPoints="0" visitedBranchPoints="0" sequenceCoverage="100.0" branchCoverage="0" maxCyclomaticComplexity="0" minCyclomaticComplexity="0" maxCrapScore="0" minCrapScore="0" visitedClasses="0" numClasses="0" visitedMethods="1" numMethods="1" />
              <MetadataToken>100663330</MetadataToken>
              <Name>System.Boolean TestSuite/&lt;DestroyedAsteroidRaisesScore&gt;d__8::MoveNext()</Name>
              <FileRef uid="1" />
              <SequencePoints>
                <SequencePoint vc="1" uspid="410" ordinal="0" offset="34" sl="93" sc="5" el="93" ec="5" bec="0" bev="0" fileid="1" />
                <SequencePoint vc="1" uspid="411" ordinal="0" offset="35" sl="95" sc="9" el="95" ec="9" bec="0" bev="0" fileid="1" />
                <SequencePoint vc="1" uspid="412" ordinal="0" offset="62" sl="96" sc="9" el="96" ec="9" bec="0" bev="0" fileid="1" />
                <SequencePoint vc="1" uspid="413" ordinal="0" offset="84" sl="97" sc="9" el="97" ec="9" bec="0" bev="0" fileid="1" />
                <SequencePoint vc="1" uspid="414" ordinal="0" offset="111" sl="98" sc="9" el="98" ec="9" bec="0" bev="0" fileid="1" />
                <SequencePoint vc="1" uspid="415" ordinal="0" offset="133" sl="99" sc="9" el="99" ec="9" bec="0" bev="0" fileid="1" />
                <SequencePoint vc="1" uspid="416" ordinal="0" offset="165" sl="101" sc="9" el="101" ec="9" bec="0" bev="0" fileid="1" />
                <SequencePoint vc="1" uspid="417" ordinal="0" offset="198" sl="102" sc="5" el="102" ec="5" bec="0" bev="0" fileid="1" />
              </SequencePoints>
              <BranchPoints />
            </Method>
          </Methods>
        </Class>
        <Class>
          <Summary numSequencePoints="7" visitedSequencePoints="7" numBranchPoints="0" visitedBranchPoints="0" sequenceCoverage="100.0" branchCoverage="0.0" maxCyclomaticComplexity="0" minCyclomaticComplexity="0" maxCrapScore="0" minCrapScore="0" visitedClasses="1" numClasses="1" visitedMethods="1" numMethods="1" />
          <FullName>TestSuite/&lt;GameOverOccursOnAsteroidCollision&gt;d__4</FullName>
          <Methods>
            <Method visited="true" cyclomaticComplexity="0" nPathComplexity="0" sequenceCoverage="100.0" branchCoverage="0" crapScore="0" isConstructor="false" isStatic="false" isGetter="false" isSetter="false">
              <Summary numSequencePoints="7" visitedSequencePoints="7" numBranchPoints="0" visitedBranchPoints="0" sequenceCoverage="100.0" branchCoverage="0" maxCyclomaticComplexity="0" minCyclomaticComplexity="0" maxCrapScore="0" minCrapScore="0" visitedClasses="0" numClasses="0" visitedMethods="1" numMethods="1" />
              <MetadataToken>100663336</MetadataToken>
              <Name>System.Boolean TestSuite/&lt;GameOverOccursOnAsteroidCollision&gt;d__4::MoveNext()</Name>
              <FileRef uid="1" />
              <SequencePoints>
                <SequencePoint vc="1" uspid="418" ordinal="0" offset="31" sl="41" sc="5" el="41" ec="5" bec="0" bev="0" fileid="1" />
                <SequencePoint vc="1" uspid="419" ordinal="0" offset="32" sl="42" sc="9" el="42" ec="9" bec="0" bev="0" fileid="1" />
                <SequencePoint vc="1" uspid="420" ordinal="0" offset="59" sl="44" sc="9" el="44" ec="9" bec="0" bev="0" fileid="1" />
                <SequencePoint vc="1" uspid="421" ordinal="0" offset="77" sl="45" sc="9" el="45" ec="9" bec="0" bev="0" fileid="1" />
                <SequencePoint vc="1" uspid="422" ordinal="0" offset="120" sl="47" sc="9" el="47" ec="9" bec="0" bev="0" fileid="1" />
                <SequencePoint vc="1" uspid="423" ordinal="0" offset="152" sl="50" sc="9" el="50" ec="9" bec="0" bev="0" fileid="1" />
                <SequencePoint vc="1" uspid="424" ordinal="0" offset="174" sl="51" sc="5" el="51" ec="5" bec="0" bev="0" fileid="1" />
              </SequencePoints>
              <BranchPoints />
            </Method>
          </Methods>
        </Class>
        <Class>
          <Summary numSequencePoints="8" visitedSequencePoints="8" numBranchPoints="0" visitedBranchPoints="0" sequenceCoverage="100.0" branchCoverage="0.0" maxCyclomaticComplexity="0" minCyclomaticComplexity="0" maxCrapScore="0" minCrapScore="0" visitedClasses="1" numClasses="1" visitedMethods="1" numMethods="1" />
          <FullName>TestSuite/&lt;LaserDestroysAsteroid&gt;d__7</FullName>
          <Methods>
            <Method visited="true" cyclomaticComplexity="0" nPathComplexity="0" sequenceCoverage="100.0" branchCoverage="0" crapScore="0" isConstructor="false" isStatic="false" isGetter="false" isSetter="false">
              <Summary numSequencePoints="8" visitedSequencePoints="8" numBranchPoints="0" visitedBranchPoints="0" sequenceCoverage="100.0" branchCoverage="0" maxCyclomaticComplexity="0" minCyclomaticComplexity="0" maxCrapScore="0" minCrapScore="0" visitedClasses="0" numClasses="0" visitedMethods="1" numMethods="1" />
              <MetadataToken>100663342</MetadataToken>
              <Name>System.Boolean TestSuite/&lt;LaserDestroysAsteroid&gt;d__7::MoveNext()</Name>
              <FileRef uid="1" />
              <SequencePoints>
                <SequencePoint vc="1" uspid="425" ordinal="0" offset="34" sl="77" sc="5" el="77" ec="5" bec="0" bev="0" fileid="1" />
                <SequencePoint vc="1" uspid="426" ordinal="0" offset="35" sl="79" sc="9" el="79" ec="9" bec="0" bev="0" fileid="1" />
                <SequencePoint vc="1" uspid="427" ordinal="0" offset="62" sl="80" sc="9" el="80" ec="9" bec="0" bev="0" fileid="1" />
                <SequencePoint vc="1" uspid="428" ordinal="0" offset="84" sl="81" sc="9" el="81" ec="9" bec="0" bev="0" fileid="1" />
                <SequencePoint vc="1" uspid="429" ordinal="0" offset="111" sl="82" sc="9" el="82" ec="9" bec="0" bev="0" fileid="1" />
                <SequencePoint vc="1" uspid="430" ordinal="0" offset="133" sl="83" sc="9" el="83" ec="9" bec="0" bev="0" fileid="1" />
                <SequencePoint vc="1" uspid="431" ordinal="0" offset="165" sl="88" sc="9" el="88" ec="9" bec="0" bev="0" fileid="1" />
                <SequencePoint vc="1" uspid="432" ordinal="0" offset="177" sl="89" sc="5" el="89" ec="5" bec="0" bev="0" fileid="1" />
              </SequencePoints>
              <BranchPoints />
            </Method>
          </Methods>
        </Class>
        <Class>
          <Summary numSequencePoints="6" visitedSequencePoints="6" numBranchPoints="0" visitedBranchPoints="0" sequenceCoverage="100.0" branchCoverage="0.0" maxCyclomaticComplexity="0" minCyclomaticComplexity="0" maxCrapScore="0" minCrapScore="0" visitedClasses="1" numClasses="1" visitedMethods="1" numMethods="1" />
          <FullName>TestSuite/&lt;LaserMovesUp&gt;d__6</FullName>
          <Methods>
            <Method visited="true" cyclomaticComplexity="0" nPathComplexity="0" sequenceCoverage="100.0" branchCoverage="0" crapScore="0" isConstructor="false" isStatic="false" isGetter="false" isSetter="false">
              <Summary numSequencePoints="6" visitedSequencePoints="6" numBranchPoints="0" visitedBranchPoints="0" sequenceCoverage="100.0" branchCoverage="0" maxCyclomaticComplexity="0" minCyclomaticComplexity="0" maxCrapScore="0" minCrapScore="0" visitedClasses="0" numClasses="0" visitedMethods="1" numMethods="1" />
              <MetadataToken>100663348</MetadataToken>
              <Name>System.Boolean TestSuite/&lt;LaserMovesUp&gt;d__6::MoveNext()</Name>
              <FileRef uid="1" />
              <SequencePoints>
                <SequencePoint vc="1" uspid="433" ordinal="0" offset="31" sl="65" sc="5" el="65" ec="5" bec="0" bev="0" fileid="1" />
                <SequencePoint vc="1" uspid="434" ordinal="0" offset="32" sl="67" sc="9" el="67" ec="9" bec="0" bev="0" fileid="1" />
                <SequencePoint vc="1" uspid="435" ordinal="0" offset="59" sl="69" sc="9" el="69" ec="9" bec="0" bev="0" fileid="1" />
                <SequencePoint vc="1" uspid="436" ordinal="0" offset="86" sl="70" sc="9" el="70" ec="9" bec="0" bev="0" fileid="1" />
                <SequencePoint vc="1" uspid="437" ordinal="0" offset="118" sl="72" sc="9" el="72" ec="9" bec="0" bev="0" fileid="1" />
                <SequencePoint vc="1" uspid="438" ordinal="0" offset="151" sl="73" sc="5" el="73" ec="5" bec="0" bev="0" fileid="1" />
              </SequencePoints>
              <BranchPoints />
            </Method>
          </Methods>
        </Class>
        <Class>
          <Summary numSequencePoints="6" visitedSequencePoints="5" numBranchPoints="0" visitedBranchPoints="0" sequenceCoverage="83.33" branchCoverage="0.0" maxCyclomaticComplexity="0" minCyclomaticComplexity="0" maxCrapScore="0" minCrapScore="0" visitedClasses="1" numClasses="1" visitedMethods="1" numMethods="1" />
          <FullName>TestSuite/&lt;ShipMoveDown&gt;d__16</FullName>
          <Methods>
            <Method visited="true" cyclomaticComplexity="0" nPathComplexity="0" sequenceCoverage="83.33" branchCoverage="0" crapScore="0" isConstructor="false" isStatic="false" isGetter="false" isSetter="false">
              <Summary numSequencePoints="6" visitedSequencePoints="5" numBranchPoints="0" visitedBranchPoints="0" sequenceCoverage="83.33" branchCoverage="0" maxCyclomaticComplexity="0" minCyclomaticComplexity="0" maxCrapScore="0" minCrapScore="0" visitedClasses="0" numClasses="0" visitedMethods="1" numMethods="1" />
              <MetadataToken>100663354</MetadataToken>
              <Name>System.Boolean TestSuite/&lt;ShipMoveDown&gt;d__16::MoveNext()</Name>
              <FileRef uid="1" />
              <SequencePoints>
                <SequencePoint vc="1" uspid="439" ordinal="0" offset="31" sl="203" sc="5" el="203" ec="5" bec="0" bev="0" fileid="1" />
                <SequencePoint vc="1" uspid="440" ordinal="0" offset="32" sl="205" sc="9" el="205" ec="9" bec="0" bev="0" fileid="1" />
                <SequencePoint vc="1" uspid="441" ordinal="0" offset="64" sl="206" sc="9" el="206" ec="9" bec="0" bev="0" fileid="1" />
                <SequencePoint vc="1" uspid="442" ordinal="0" offset="86" sl="207" sc="9" el="207" ec="9" bec="0" bev="0" fileid="1" />
                <SequencePoint vc="1" uspid="443" ordinal="0" offset="118" sl="210" sc="9" el="210" ec="9" bec="0" bev="0" fileid="1" />
                <SequencePoint vc="0" uspid="444" ordinal="0" offset="166" sl="211" sc="5" el="211" ec="5" bec="0" bev="0" fileid="1" />
              </SequencePoints>
              <BranchPoints />
            </Method>
          </Methods>
        </Class>
        <Class>
          <Summary numSequencePoints="6" visitedSequencePoints="6" numBranchPoints="0" visitedBranchPoints="0" sequenceCoverage="100.0" branchCoverage="0.0" maxCyclomaticComplexity="0" minCyclomaticComplexity="0" maxCrapScore="0" minCrapScore="0" visitedClasses="1" numClasses="1" visitedMethods="1" numMethods="1" />
          <FullName>TestSuite/&lt;ShipMoveLeft&gt;d__10</FullName>
          <Methods>
            <Method visited="true" cyclomaticComplexity="0" nPathComplexity="0" sequenceCoverage="100.0" branchCoverage="0" crapScore="0" isConstructor="false" isStatic="false" isGetter="false" isSetter="false">
              <Summary numSequencePoints="6" visitedSequencePoints="6" numBranchPoints="0" visitedBranchPoints="0" sequenceCoverage="100.0" branchCoverage="0" maxCyclomaticComplexity="0" minCyclomaticComplexity="0" maxCrapScore="0" minCrapScore="0" visitedClasses="0" numClasses="0" visitedMethods="1" numMethods="1" />
              <MetadataToken>100663360</MetadataToken>
              <Name>System.Boolean TestSuite/&lt;ShipMoveLeft&gt;d__10::MoveNext()</Name>
              <FileRef uid="1" />
              <SequencePoints>
                <SequencePoint vc="1" uspid="445" ordinal="0" offset="31" sl="118" sc="5" el="118" ec="5" bec="0" bev="0" fileid="1" />
                <SequencePoint vc="1" uspid="446" ordinal="0" offset="32" sl="120" sc="9" el="120" ec="9" bec="0" bev="0" fileid="1" />
                <SequencePoint vc="1" uspid="447" ordinal="0" offset="64" sl="121" sc="9" el="121" ec="9" bec="0" bev="0" fileid="1" />
                <SequencePoint vc="1" uspid="448" ordinal="0" offset="86" sl="122" sc="9" el="122" ec="9" bec="0" bev="0" fileid="1" />
                <SequencePoint vc="1" uspid="449" ordinal="0" offset="118" sl="125" sc="9" el="125" ec="9" bec="0" bev="0" fileid="1" />
                <SequencePoint vc="1" uspid="450" ordinal="0" offset="166" sl="126" sc="5" el="126" ec="5" bec="0" bev="0" fileid="1" />
              </SequencePoints>
              <BranchPoints />
            </Method>
          </Methods>
        </Class>
        <Class>
          <Summary numSequencePoints="6" visitedSequencePoints="6" numBranchPoints="0" visitedBranchPoints="0" sequenceCoverage="100.0" branchCoverage="0.0" maxCyclomaticComplexity="0" minCyclomaticComplexity="0" maxCrapScore="0" minCrapScore="0" visitedClasses="1" numClasses="1" visitedMethods="1" numMethods="1" />
          <FullName>TestSuite/&lt;ShipMoveRight&gt;d__11</FullName>
          <Methods>
            <Method visited="true" cyclomaticComplexity="0" nPathComplexity="0" sequenceCoverage="100.0" branchCoverage="0" crapScore="0" isConstructor="false" isStatic="false" isGetter="false" isSetter="false">
              <Summary numSequencePoints="6" visitedSequencePoints="6" numBranchPoints="0" visitedBranchPoints="0" sequenceCoverage="100.0" branchCoverage="0" maxCyclomaticComplexity="0" minCyclomaticComplexity="0" maxCrapScore="0" minCrapScore="0" visitedClasses="0" numClasses="0" visitedMethods="1" numMethods="1" />
              <MetadataToken>100663366</MetadataToken>
              <Name>System.Boolean TestSuite/&lt;ShipMoveRight&gt;d__11::MoveNext()</Name>
              <FileRef uid="1" />
              <SequencePoints>
                <SequencePoint vc="1" uspid="451" ordinal="0" offset="31" sl="130" sc="5" el="130" ec="5" bec="0" bev="0" fileid="1" />
                <SequencePoint vc="1" uspid="452" ordinal="0" offset="32" sl="132" sc="9" el="132" ec="9" bec="0" bev="0" fileid="1" />
                <SequencePoint vc="1" uspid="453" ordinal="0" offset="64" sl="133" sc="9" el="133" ec="9" bec="0" bev="0" fileid="1" />
                <SequencePoint vc="1" uspid="454" ordinal="0" offset="86" sl="134" sc="9" el="134" ec="9" bec="0" bev="0" fileid="1" />
                <SequencePoint vc="1" uspid="455" ordinal="0" offset="118" sl="137" sc="9" el="137" ec="9" bec="0" bev="0" fileid="1" />
                <SequencePoint vc="1" uspid="456" ordinal="0" offset="166" sl="138" sc="5" el="138" ec="5" bec="0" bev="0" fileid="1" />
              </SequencePoints>
              <BranchPoints />
            </Method>
          </Methods>
        </Class>
        <Class>
          <Summary numSequencePoints="6" visitedSequencePoints="5" numBranchPoints="0" visitedBranchPoints="0" sequenceCoverage="83.33" branchCoverage="0.0" maxCyclomaticComplexity="0" minCyclomaticComplexity="0" maxCrapScore="0" minCrapScore="0" visitedClasses="1" numClasses="1" visitedMethods="1" numMethods="1" />
          <FullName>TestSuite/&lt;ShipMoveUp&gt;d__15</FullName>
          <Methods>
            <Method visited="true" cyclomaticComplexity="0" nPathComplexity="0" sequenceCoverage="83.33" branchCoverage="0" crapScore="0" isConstructor="false" isStatic="false" isGetter="false" isSetter="false">
              <Summary numSequencePoints="6" visitedSequencePoints="5" numBranchPoints="0" visitedBranchPoints="0" sequenceCoverage="83.33" branchCoverage="0" maxCyclomaticComplexity="0" minCyclomaticComplexity="0" maxCrapScore="0" minCrapScore="0" visitedClasses="0" numClasses="0" visitedMethods="1" numMethods="1" />
              <MetadataToken>100663372</MetadataToken>
              <Name>System.Boolean TestSuite/&lt;ShipMoveUp&gt;d__15::MoveNext()</Name>
              <FileRef uid="1" />
              <SequencePoints>
                <SequencePoint vc="1" uspid="457" ordinal="0" offset="31" sl="191" sc="5" el="191" ec="5" bec="0" bev="0" fileid="1" />
                <SequencePoint vc="1" uspid="458" ordinal="0" offset="32" sl="193" sc="9" el="193" ec="9" bec="0" bev="0" fileid="1" />
                <SequencePoint vc="1" uspid="459" ordinal="0" offset="64" sl="194" sc="9" el="194" ec="9" bec="0" bev="0" fileid="1" />
                <SequencePoint vc="1" uspid="460" ordinal="0" offset="86" sl="195" sc="9" el="195" ec="9" bec="0" bev="0" fileid="1" />
                <SequencePoint vc="1" uspid="461" ordinal="0" offset="118" sl="198" sc="9" el="198" ec="9" bec="0" bev="0" fileid="1" />
                <SequencePoint vc="0" uspid="462" ordinal="0" offset="166" sl="199" sc="5" el="199" ec="5" bec="0" bev="0" fileid="1" />
              </SequencePoints>
              <BranchPoints />
            </Method>
          </Methods>
        </Class>
        <Class>
          <Summary numSequencePoints="7" visitedSequencePoints="7" numBranchPoints="0" visitedBranchPoints="0" sequenceCoverage="100.0" branchCoverage="0.0" maxCyclomaticComplexity="0" minCyclomaticComplexity="0" maxCrapScore="0" minCrapScore="0" visitedClasses="1" numClasses="1" visitedMethods="1" numMethods="1" />
          <FullName>TestSuite/&lt;ShipStaysWithinLimits&gt;d__9</FullName>
          <Methods>
            <Method visited="true" cyclomaticComplexity="0" nPathComplexity="0" sequenceCoverage="100.0" branchCoverage="0" crapScore="0" isConstructor="false" isStatic="false" isGetter="false" isSetter="false">
              <Summary numSequencePoints="7" visitedSequencePoints="7" numBranchPoints="0" visitedBranchPoints="0" sequenceCoverage="100.0" branchCoverage="0" maxCyclomaticComplexity="0" minCyclomaticComplexity="0" maxCrapScore="0" minCrapScore="0" visitedClasses="0" numClasses="0" visitedMethods="1" numMethods="1" />
              <MetadataToken>100663378</MetadataToken>
              <Name>System.Boolean TestSuite/&lt;ShipStaysWithinLimits&gt;d__9::MoveNext()</Name>
              <FileRef uid="1" />
              <SequencePoints>
                <SequencePoint vc="1" uspid="463" ordinal="0" offset="31" sl="107" sc="5" el="107" ec="5" bec="0" bev="0" fileid="1" />
                <SequencePoint vc="1" uspid="464" ordinal="0" offset="32" sl="108" sc="9" el="108" ec="9" bec="0" bev="0" fileid="1" />
                <SequencePoint vc="1" uspid="465" ordinal="0" offset="54" sl="109" sc="9" el="109" ec="9" bec="0" bev="0" fileid="1" />
                <SequencePoint vc="1" uspid="466" ordinal="0" offset="86" sl="110" sc="9" el="110" ec="9" bec="0" bev="0" fileid="1" />
                <SequencePoint vc="1" uspid="467" ordinal="0" offset="118" sl="112" sc="9" el="112" ec="9" bec="0" bev="0" fileid="1" />
                <SequencePoint vc="1" uspid="468" ordinal="0" offset="156" sl="113" sc="9" el="113" ec="9" bec="0" bev="0" fileid="1" />
                <SequencePoint vc="1" uspid="469" ordinal="0" offset="194" sl="114" sc="5" el="114" ec="5" bec="0" bev="0" fileid="1" />
              </SequencePoints>
              <BranchPoints />
            </Method>
          </Methods>
        </Class>
        <Class>
          <Summary numSequencePoints="8" visitedSequencePoints="8" numBranchPoints="0" visitedBranchPoints="0" sequenceCoverage="100.0" branchCoverage="0.0" maxCyclomaticComplexity="0" minCyclomaticComplexity="0" maxCrapScore="0" minCrapScore="0" visitedClasses="1" numClasses="1" visitedMethods="1" numMethods="1" />
          <FullName>TestSuite/&lt;TestParticleSystemStarts&gt;d__13</FullName>
          <Methods>
            <Method visited="true" cyclomaticComplexity="0" nPathComplexity="0" sequenceCoverage="100.0" branchCoverage="0" crapScore="0" isConstructor="false" isStatic="false" isGetter="false" isSetter="false">
              <Summary numSequencePoints="8" visitedSequencePoints="8" numBranchPoints="0" visitedBranchPoints="0" sequenceCoverage="100.0" branchCoverage="0" maxCyclomaticComplexity="0" minCyclomaticComplexity="0" maxCrapScore="0" minCrapScore="0" visitedClasses="0" numClasses="0" visitedMethods="1" numMethods="1" />
              <MetadataToken>100663384</MetadataToken>
              <Name>System.Boolean TestSuite/&lt;TestParticleSystemStarts&gt;d__13::MoveNext()</Name>
              <FileRef uid="1" />
              <SequencePoints>
                <SequencePoint vc="1" uspid="470" ordinal="0" offset="31" sl="153" sc="5" el="153" ec="5" bec="0" bev="0" fileid="1" />
                <SequencePoint vc="1" uspid="471" ordinal="0" offset="32" sl="157" sc="9" el="157" ec="9" bec="0" bev="0" fileid="1" />
                <SequencePoint vc="1" uspid="472" ordinal="0" offset="85" sl="158" sc="9" el="158" ec="9" bec="0" bev="0" fileid="1" />
                <SequencePoint vc="1" uspid="473" ordinal="0" offset="102" sl="159" sc="9" el="159" ec="9" bec="0" bev="0" fileid="1" />
                <SequencePoint vc="1" uspid="474" ordinal="0" offset="119" sl="162" sc="9" el="162" ec="9" bec="0" bev="0" fileid="1" />
                <SequencePoint vc="1" uspid="475" ordinal="0" offset="131" sl="163" sc="9" el="163" ec="9" bec="0" bev="0" fileid="1" />
                <SequencePoint vc="1" uspid="476" ordinal="0" offset="154" sl="166" sc="9" el="166" ec="9" bec="0" bev="0" fileid="1" />
                <SequencePoint vc="1" uspid="477" ordinal="0" offset="171" sl="167" sc="5" el="167" ec="5" bec="0" bev="0" fileid="1" />
              </SequencePoints>
              <BranchPoints />
            </Method>
          </Methods>
        </Class>
        <Class>
          <Summary numSequencePoints="10" visitedSequencePoints="10" numBranchPoints="0" visitedBranchPoints="0" sequenceCoverage="100.0" branchCoverage="0.0" maxCyclomaticComplexity="0" minCyclomaticComplexity="0" maxCrapScore="0" minCrapScore="0" visitedClasses="1" numClasses="1" visitedMethods="1" numMethods="1" />
          <FullName>TestSuite/&lt;TestParticleSystemStops&gt;d__14</FullName>
          <Methods>
            <Method visited="true" cyclomaticComplexity="0" nPathComplexity="0" sequenceCoverage="100.0" branchCoverage="0" crapScore="0" isConstructor="false" isStatic="false" isGetter="false" isSetter="false">
              <Summary numSequencePoints="10" visitedSequencePoints="10" numBranchPoints="0" visitedBranchPoints="0" sequenceCoverage="100.0" branchCoverage="0" maxCyclomaticComplexity="0" minCyclomaticComplexity="0" maxCrapScore="0" minCrapScore="0" visitedClasses="0" numClasses="0" visitedMethods="1" numMethods="1" />
              <MetadataToken>100663390</MetadataToken>
              <Name>System.Boolean TestSuite/&lt;TestParticleSystemStops&gt;d__14::MoveNext()</Name>
              <FileRef uid="1" />
              <SequencePoints>
                <SequencePoint vc="1" uspid="478" ordinal="0" offset="34" sl="171" sc="5" el="171" ec="5" bec="0" bev="0" fileid="1" />
                <SequencePoint vc="1" uspid="479" ordinal="0" offset="35" sl="175" sc="9" el="175" ec="9" bec="0" bev="0" fileid="1" />
                <SequencePoint vc="1" uspid="480" ordinal="0" offset="88" sl="176" sc="9" el="176" ec="9" bec="0" bev="0" fileid="1" />
                <SequencePoint vc="1" uspid="481" ordinal="0" offset="105" sl="177" sc="9" el="177" ec="9" bec="0" bev="0" fileid="1" />
                <SequencePoint vc="1" uspid="482" ordinal="0" offset="122" sl="178" sc="9" el="178" ec="9" bec="0" bev="0" fileid="1" />
                <SequencePoint vc="1" uspid="483" ordinal="0" offset="140" sl="181" sc="9" el="181" ec="9" bec="0" bev="0" fileid="1" />
                <SequencePoint vc="1" uspid="484" ordinal="0" offset="152" sl="182" sc="9" el="182" ec="9" bec="0" bev="0" fileid="1" />
                <SequencePoint vc="1" uspid="485" ordinal="0" offset="164" sl="183" sc="9" el="183" ec="9" bec="0" bev="0" fileid="1" />
                <SequencePoint vc="1" uspid="486" ordinal="0" offset="187" sl="186" sc="9" el="186" ec="9" bec="0" bev="0" fileid="1" />
                <SequencePoint vc="1" uspid="487" ordinal="0" offset="204" sl="187" sc="5" el="187" ec="5" bec="0" bev="0" fileid="1" />
              </SequencePoints>
              <BranchPoints />
            </Method>
          </Methods>
        </Class>
      </Classes>
    </Module>
    <Module>
      <Summary numSequencePoints="269" visitedSequencePoints="219" numBranchPoints="0" visitedBranchPoints="0" sequenceCoverage="81.41" branchCoverage="0.0" maxCyclomaticComplexity="0" minCyclomaticComplexity="0" maxCrapScore="0" minCrapScore="0" visitedClasses="7" numClasses="7" visitedMethods="43" numMethods="43" />
      <ModuleTime>0001-01-01T00:00:00</ModuleTime>
      <ModuleName>GameAssembly</ModuleName>
      <Files>
        <File uid="2" fullPath="C:/Users/labuser/Desktop/Crashteroids_C00265675_C00260445/Assets/Scripts/Asteroid.cs" />
        <File uid="3" fullPath="C:/Users/labuser/Desktop/Crashteroids_C00265675_C00260445/Assets/Scripts/AutoDestroyParticleSystem.cs" />
        <File uid="4" fullPath="C:/Users/labuser/Desktop/Crashteroids_C00265675_C00260445/Assets/Scripts/Game.cs" />
        <File uid="5" fullPath="C:/Users/labuser/Desktop/Crashteroids_C00265675_C00260445/Assets/Scripts/Laser.cs" />
        <File uid="6" fullPath="C:/Users/labuser/Desktop/Crashteroids_C00265675_C00260445/Assets/Scripts/Ship.cs" />
        <File uid="7" fullPath="C:/Users/labuser/Desktop/Crashteroids_C00265675_C00260445/Assets/Scripts/Spawner.cs" />
      </Files>
      <Classes>
        <Class>
          <Summary numSequencePoints="26" visitedSequencePoints="26" numBranchPoints="0" visitedBranchPoints="0" sequenceCoverage="100.0" branchCoverage="0.0" maxCyclomaticComplexity="0" minCyclomaticComplexity="0" maxCrapScore="0" minCrapScore="0" visitedClasses="1" numClasses="1" visitedMethods="5" numMethods="5" />
          <FullName>Asteroid</FullName>
          <Methods>
            <Method visited="true" cyclomaticComplexity="0" nPathComplexity="0" sequenceCoverage="100.0" branchCoverage="0" crapScore="0" isConstructor="false" isStatic="false" isGetter="true" isSetter="false">
              <Summary numSequencePoints="3" visitedSequencePoints="3" numBranchPoints="0" visitedBranchPoints="0" sequenceCoverage="100.0" branchCoverage="0" maxCyclomaticComplexity="0" minCyclomaticComplexity="0" maxCrapScore="0" minCrapScore="0" visitedClasses="0" numClasses="0" visitedMethods="1" numMethods="1" />
              <MetadataToken>100663297</MetadataToken>
              <Name>System.Single Asteroid::get_MaxY()</Name>
              <FileRef uid="2" />
              <SequencePoints>
                <SequencePoint vc="1" uspid="488" ordinal="0" offset="0" sl="38" sc="29" el="38" ec="29" bec="0" bev="0" fileid="2" />
                <SequencePoint vc="1" uspid="489" ordinal="0" offset="1" sl="38" sc="31" el="38" ec="31" bec="0" bev="0" fileid="2" />
                <SequencePoint vc="1" uspid="490" ordinal="0" offset="10" sl="38" sc="44" el="38" ec="44" bec="0" bev="0" fileid="2" />
              </SequencePoints>
              <BranchPoints />
            </Method>
            <Method visited="true" cyclomaticComplexity="0" nPathComplexity="0" sequenceCoverage="100.0" branchCoverage="0" crapScore="0" isConstructor="false" isStatic="false" isGetter="false" isSetter="false">
              <Summary numSequencePoints="3" visitedSequencePoints="3" numBranchPoints="0" visitedBranchPoints="0" sequenceCoverage="100.0" branchCoverage="0" maxCyclomaticComplexity="0" minCyclomaticComplexity="0" maxCrapScore="0" minCrapScore="0" visitedClasses="0" numClasses="0" visitedMethods="1" numMethods="1" />
              <MetadataToken>100663298</MetadataToken>
              <Name>System.Void Asteroid::Update()</Name>
              <FileRef uid="2" />
              <SequencePoints>
                <SequencePoint vc="695" uspid="491" ordinal="0" offset="0" sl="41" sc="5" el="41" ec="5" bec="0" bev="0" fileid="2" />
                <SequencePoint vc="695" uspid="492" ordinal="0" offset="1" sl="42" sc="9" el="42" ec="9" bec="0" bev="0" fileid="2" />
                <SequencePoint vc="695" uspid="493" ordinal="0" offset="8" sl="43" sc="5" el="43" ec="5" bec="0" bev="0" fileid="2" />
              </SequencePoints>
              <BranchPoints />
            </Method>
            <Method visited="true" cyclomaticComplexity="0" nPathComplexity="0" sequenceCoverage="100.0" branchCoverage="0" crapScore="0" isConstructor="false" isStatic="false" isGetter="false" isSetter="false">
              <Summary numSequencePoints="7" visitedSequencePoints="7" numBranchPoints="0" visitedBranchPoints="0" sequenceCoverage="100.0" branchCoverage="0" maxCyclomaticComplexity="0" minCyclomaticComplexity="0" maxCrapScore="0" minCrapScore="0" visitedClasses="0" numClasses="0" visitedMethods="1" numMethods="1" />
              <MetadataToken>100663299</MetadataToken>
              <Name>System.Void Asteroid::Move()</Name>
              <FileRef uid="2" />
              <SequencePoints>
                <SequencePoint vc="695" uspid="494" ordinal="0" offset="0" sl="46" sc="5" el="46" ec="5" bec="0" bev="0" fileid="2" />
                <SequencePoint vc="695" uspid="495" ordinal="0" offset="1" sl="47" sc="9" el="47" ec="9" bec="0" bev="0" fileid="2" />
                <SequencePoint vc="695" uspid="496" ordinal="0" offset="39" sl="48" sc="9" el="48" ec="9" bec="0" bev="0" fileid="2" />
                <SequencePoint vc="1" uspid="497" ordinal="0" offset="67" sl="49" sc="9" el="49" ec="9" bec="0" bev="0" fileid="2" />
                <SequencePoint vc="1" uspid="498" ordinal="0" offset="68" sl="50" sc="13" el="50" ec="13" bec="0" bev="0" fileid="2" />
                <SequencePoint vc="1" uspid="499" ordinal="0" offset="80" sl="51" sc="9" el="51" ec="9" bec="0" bev="0" fileid="2" />
                <SequencePoint vc="695" uspid="500" ordinal="0" offset="81" sl="52" sc="5" el="52" ec="5" bec="0" bev="0" fileid="2" />
              </SequencePoints>
              <BranchPoints />
            </Method>
            <Method visited="true" cyclomaticComplexity="0" nPathComplexity="0" sequenceCoverage="100.0" branchCoverage="0" crapScore="0" isConstructor="false" isStatic="false" isGetter="false" isSetter="false">
              <Summary numSequencePoints="11" visitedSequencePoints="11" numBranchPoints="0" visitedBranchPoints="0" sequenceCoverage="100.0" branchCoverage="0" maxCyclomaticComplexity="0" minCyclomaticComplexity="0" maxCrapScore="0" minCrapScore="0" visitedClasses="0" numClasses="0" visitedMethods="1" numMethods="1" />
              <MetadataToken>100663300</MetadataToken>
              <Name>System.Void Asteroid::OnCollisionEnter(UnityEngine.Collision)</Name>
              <FileRef uid="2" />
              <SequencePoints>
                <SequencePoint vc="3" uspid="501" ordinal="0" offset="0" sl="55" sc="5" el="55" ec="5" bec="0" bev="0" fileid="2" />
                <SequencePoint vc="3" uspid="502" ordinal="0" offset="1" sl="56" sc="3" el="56" ec="3" bec="0" bev="0" fileid="2" />
                <SequencePoint vc="1" uspid="503" ordinal="0" offset="26" sl="57" sc="9" el="57" ec="9" bec="0" bev="0" fileid="2" />
                <SequencePoint vc="1" uspid="504" ordinal="0" offset="27" sl="58" sc="13" el="58" ec="13" bec="0" bev="0" fileid="2" />
                <SequencePoint vc="1" uspid="505" ordinal="0" offset="54" sl="59" sc="13" el="59" ec="13" bec="0" bev="0" fileid="2" />
                <SequencePoint vc="1" uspid="506" ordinal="0" offset="71" sl="60" sc="13" el="60" ec="13" bec="0" bev="0" fileid="2" />
                <SequencePoint vc="1" uspid="507" ordinal="0" offset="72" sl="61" sc="17" el="61" ec="17" bec="0" bev="0" fileid="2" />
                <SequencePoint vc="1" uspid="508" ordinal="0" offset="83" sl="62" sc="13" el="62" ec="13" bec="0" bev="0" fileid="2" />
                <SequencePoint vc="1" uspid="509" ordinal="0" offset="84" sl="63" sc="13" el="63" ec="13" bec="0" bev="0" fileid="2" />
                <SequencePoint vc="1" uspid="510" ordinal="0" offset="96" sl="64" sc="9" el="64" ec="9" bec="0" bev="0" fileid="2" />
                <SequencePoint vc="3" uspid="511" ordinal="0" offset="97" sl="65" sc="5" el="65" ec="5" bec="0" bev="0" fileid="2" />
              </SequencePoints>
              <BranchPoints />
            </Method>
            <Method visited="true" cyclomaticComplexity="0" nPathComplexity="0" sequenceCoverage="100.0" branchCoverage="0" crapScore="0" isConstructor="true" isStatic="false" isGetter="false" isSetter="false">
              <Summary numSequencePoints="2" visitedSequencePoints="2" numBranchPoints="0" visitedBranchPoints="0" sequenceCoverage="100.0" branchCoverage="0" maxCyclomaticComplexity="0" minCyclomaticComplexity="0" maxCrapScore="0" minCrapScore="0" visitedClasses="0" numClasses="0" visitedMethods="1" numMethods="1" />
              <MetadataToken>100663301</MetadataToken>
              <Name>Asteroid::Asteroid()</Name>
              <FileRef uid="2" />
              <SequencePoints>
                <SequencePoint vc="9" uspid="512" ordinal="0" offset="0" sl="35" sc="5" el="35" ec="5" bec="0" bev="0" fileid="2" />
                <SequencePoint vc="9" uspid="513" ordinal="0" offset="11" sl="36" sc="5" el="36" ec="5" bec="0" bev="0" fileid="2" />
              </SequencePoints>
              <BranchPoints />
            </Method>
          </Methods>
        </Class>
        <Class>
          <Summary numSequencePoints="9" visitedSequencePoints="9" numBranchPoints="0" visitedBranchPoints="0" sequenceCoverage="100.0" branchCoverage="0.0" maxCyclomaticComplexity="0" minCyclomaticComplexity="0" maxCrapScore="0" minCrapScore="0" visitedClasses="1" numClasses="1" visitedMethods="2" numMethods="2" />
          <FullName>AutoDestroyParticleSystem</FullName>
          <Methods>
            <Method visited="true" cyclomaticComplexity="0" nPathComplexity="0" sequenceCoverage="100.0" branchCoverage="0" crapScore="0" isConstructor="false" isStatic="false" isGetter="false" isSetter="false">
              <Summary numSequencePoints="3" visitedSequencePoints="3" numBranchPoints="0" visitedBranchPoints="0" sequenceCoverage="100.0" branchCoverage="0" maxCyclomaticComplexity="0" minCyclomaticComplexity="0" maxCrapScore="0" minCrapScore="0" visitedClasses="0" numClasses="0" visitedMethods="1" numMethods="1" />
              <MetadataToken>100663302</MetadataToken>
              <Name>System.Void AutoDestroyParticleSystem::Start()</Name>
              <FileRef uid="3" />
              <SequencePoints>
                <SequencePoint vc="6" uspid="514" ordinal="0" offset="0" sl="8" sc="5" el="8" ec="5" bec="0" bev="0" fileid="3" />
                <SequencePoint vc="6" uspid="515" ordinal="0" offset="1" sl="9" sc="9" el="9" ec="9" bec="0" bev="0" fileid="3" />
                <SequencePoint vc="6" uspid="516" ordinal="0" offset="13" sl="10" sc="5" el="10" ec="5" bec="0" bev="0" fileid="3" />
              </SequencePoints>
              <BranchPoints />
            </Method>
            <Method visited="true" cyclomaticComplexity="0" nPathComplexity="0" sequenceCoverage="100.0" branchCoverage="0" crapScore="0" isConstructor="false" isStatic="false" isGetter="false" isSetter="false">
              <Summary numSequencePoints="6" visitedSequencePoints="6" numBranchPoints="0" visitedBranchPoints="0" sequenceCoverage="100.0" branchCoverage="0" maxCyclomaticComplexity="0" minCyclomaticComplexity="0" maxCrapScore="0" minCrapScore="0" visitedClasses="0" numClasses="0" visitedMethods="1" numMethods="1" />
              <MetadataToken>100663303</MetadataToken>
              <Name>System.Void AutoDestroyParticleSystem::Update()</Name>
              <FileRef uid="3" />
              <SequencePoints>
                <SequencePoint vc="408" uspid="517" ordinal="0" offset="0" sl="13" sc="5" el="13" ec="5" bec="0" bev="0" fileid="3" />
                <SequencePoint vc="408" uspid="518" ordinal="0" offset="1" sl="14" sc="9" el="14" ec="9" bec="0" bev="0" fileid="3" />
                <SequencePoint vc="3" uspid="519" ordinal="0" offset="19" sl="15" sc="9" el="15" ec="9" bec="0" bev="0" fileid="3" />
                <SequencePoint vc="3" uspid="520" ordinal="0" offset="20" sl="16" sc="13" el="16" ec="13" bec="0" bev="0" fileid="3" />
                <SequencePoint vc="3" uspid="521" ordinal="0" offset="32" sl="17" sc="9" el="17" ec="9" bec="0" bev="0" fileid="3" />
                <SequencePoint vc="408" uspid="522" ordinal="0" offset="33" sl="18" sc="5" el="18" ec="5" bec="0" bev="0" fileid="3" />
              </SequencePoints>
              <BranchPoints />
            </Method>
          </Methods>
        </Class>
        <Class>
          <Summary numSequencePoints="80" visitedSequencePoints="69" numBranchPoints="0" visitedBranchPoints="0" sequenceCoverage="86.25" branchCoverage="0.0" maxCyclomaticComplexity="0" minCyclomaticComplexity="0" maxCrapScore="0" minCrapScore="0" visitedClasses="1" numClasses="1" visitedMethods="12" numMethods="12" />
          <FullName>Game</FullName>
          <Methods>
            <Method visited="true" cyclomaticComplexity="0" nPathComplexity="0" sequenceCoverage="100.0" branchCoverage="0" crapScore="0" isConstructor="false" isStatic="true" isGetter="false" isSetter="false">
              <Summary numSequencePoints="3" visitedSequencePoints="3" numBranchPoints="0" visitedBranchPoints="0" sequenceCoverage="100.0" branchCoverage="0" maxCyclomaticComplexity="0" minCyclomaticComplexity="0" maxCrapScore="0" minCrapScore="0" visitedClasses="0" numClasses="0" visitedMethods="1" numMethods="1" />
              <MetadataToken>100663305</MetadataToken>
              <Name>static Game Game::GetInstance()</Name>
              <FileRef uid="4" />
              <SequencePoints>
                <SequencePoint vc="7" uspid="523" ordinal="0" offset="0" sl="55" sc="38" el="55" ec="38" bec="0" bev="0" fileid="4" />
                <SequencePoint vc="7" uspid="524" ordinal="0" offset="1" sl="55" sc="40" el="55" ec="40" bec="0" bev="0" fileid="4" />
                <SequencePoint vc="7" uspid="525" ordinal="0" offset="9" sl="55" sc="57" el="55" ec="57" bec="0" bev="0" fileid="4" />
              </SequencePoints>
              <BranchPoints />
            </Method>
            <Method visited="true" cyclomaticComplexity="0" nPathComplexity="0" sequenceCoverage="100.0" branchCoverage="0" crapScore="0" isConstructor="false" isStatic="false" isGetter="false" isSetter="true">
              <Summary numSequencePoints="3" visitedSequencePoints="3" numBranchPoints="0" visitedBranchPoints="0" sequenceCoverage="100.0" branchCoverage="0" maxCyclomaticComplexity="0" minCyclomaticComplexity="0" maxCrapScore="0" minCrapScore="0" visitedClasses="0" numClasses="0" visitedMethods="1" numMethods="1" />
              <MetadataToken>100663307</MetadataToken>
              <Name>System.Void Game::set_Lives(System.Int32)</Name>
              <FileRef uid="4" />
              <SequencePoints>
                <SequencePoint vc="1" uspid="529" ordinal="0" offset="0" sl="57" sc="51" el="57" ec="51" bec="0" bev="0" fileid="4" />
                <SequencePoint vc="1" uspid="530" ordinal="0" offset="1" sl="57" sc="53" el="57" ec="53" bec="0" bev="0" fileid="4" />
                <SequencePoint vc="1" uspid="531" ordinal="0" offset="8" sl="57" sc="68" el="57" ec="68" bec="0" bev="0" fileid="4" />
              </SequencePoints>
              <BranchPoints />
            </Method>
            <Method visited="true" cyclomaticComplexity="0" nPathComplexity="0" sequenceCoverage="100.0" branchCoverage="0" crapScore="0" isConstructor="false" isStatic="false" isGetter="false" isSetter="false">
              <Summary numSequencePoints="8" visitedSequencePoints="8" numBranchPoints="0" visitedBranchPoints="0" sequenceCoverage="100.0" branchCoverage="0" maxCyclomaticComplexity="0" minCyclomaticComplexity="0" maxCrapScore="0" minCrapScore="0" visitedClasses="0" numClasses="0" visitedMethods="1" numMethods="1" />
              <MetadataToken>100663308</MetadataToken>
              <Name>System.Void Game::Start()</Name>
              <FileRef uid="4" />
              <SequencePoints>
                <SequencePoint vc="13" uspid="532" ordinal="0" offset="0" sl="61" sc="5" el="61" ec="5" bec="0" bev="0" fileid="4" />
                <SequencePoint vc="13" uspid="533" ordinal="0" offset="1" sl="62" sc="9" el="62" ec="9" bec="0" bev="0" fileid="4" />
                <SequencePoint vc="13" uspid="534" ordinal="0" offset="7" sl="63" sc="9" el="63" ec="9" bec="0" bev="0" fileid="4" />
                <SequencePoint vc="13" uspid="535" ordinal="0" offset="20" sl="64" sc="9" el="64" ec="9" bec="0" bev="0" fileid="4" />
                <SequencePoint vc="13" uspid="536" ordinal="0" offset="33" sl="65" sc="9" el="65" ec="9" bec="0" bev="0" fileid="4" />
                <SequencePoint vc="13" uspid="537" ordinal="0" offset="46" sl="66" sc="9" el="66" ec="9" bec="0" bev="0" fileid="4" />
                <SequencePoint vc="13" uspid="538" ordinal="0" offset="59" sl="67" sc="9" el="67" ec="9" bec="0" bev="0" fileid="4" />
                <SequencePoint vc="13" uspid="539" ordinal="0" offset="72" sl="68" sc="5" el="68" ec="5" bec="0" bev="0" fileid="4" />
              </SequencePoints>
              <BranchPoints />
            </Method>
            <Method visited="true" cyclomaticComplexity="0" nPathComplexity="0" sequenceCoverage="27.27" branchCoverage="0" crapScore="0" isConstructor="false" isStatic="false" isGetter="false" isSetter="false">
              <Summary numSequencePoints="11" visitedSequencePoints="3" numBranchPoints="0" visitedBranchPoints="0" sequenceCoverage="27.27" branchCoverage="0" maxCyclomaticComplexity="0" minCyclomaticComplexity="0" maxCrapScore="0" minCrapScore="0" visitedClasses="0" numClasses="0" visitedMethods="1" numMethods="1" />
              <MetadataToken>100663309</MetadataToken>
              <Name>System.Void Game::Update()</Name>
              <FileRef uid="4" />
              <SequencePoints>
                <SequencePoint vc="679" uspid="540" ordinal="0" offset="0" sl="71" sc="5" el="71" ec="5" bec="0" bev="0" fileid="4" />
                <SequencePoint vc="679" uspid="541" ordinal="0" offset="1" sl="72" sc="9" el="72" ec="9" bec="0" bev="0" fileid="4" />
                <SequencePoint vc="0" uspid="542" ordinal="0" offset="11" sl="73" sc="9" el="73" ec="9" bec="0" bev="0" fileid="4" />
                <SequencePoint vc="0" uspid="543" ordinal="0" offset="12" sl="74" sc="13" el="74" ec="13" bec="0" bev="0" fileid="4" />
                <SequencePoint vc="0" uspid="544" ordinal="0" offset="30" sl="75" sc="13" el="75" ec="13" bec="0" bev="0" fileid="4" />
                <SequencePoint vc="0" uspid="545" ordinal="0" offset="47" sl="76" sc="13" el="76" ec="13" bec="0" bev="0" fileid="4" />
                <SequencePoint vc="0" uspid="546" ordinal="0" offset="48" sl="77" sc="17" el="77" ec="17" bec="0" bev="0" fileid="4" />
                <SequencePoint vc="0" uspid="547" ordinal="0" offset="55" sl="78" sc="17" el="78" ec="17" bec="0" bev="0" fileid="4" />
                <SequencePoint vc="0" uspid="548" ordinal="0" offset="66" sl="79" sc="13" el="79" ec="13" bec="0" bev="0" fileid="4" />
                <SequencePoint vc="0" uspid="549" ordinal="0" offset="67" sl="80" sc="9" el="80" ec="9" bec="0" bev="0" fileid="4" />
                <SequencePoint vc="679" uspid="550" ordinal="0" offset="68" sl="81" sc="5" el="81" ec="5" bec="0" bev="0" fileid="4" />
              </SequencePoints>
              <BranchPoints />
            </Method>
            <Method visited="true" cyclomaticComplexity="0" nPathComplexity="0" sequenceCoverage="100.0" branchCoverage="0" crapScore="0" isConstructor="false" isStatic="true" isGetter="false" isSetter="false">
              <Summary numSequencePoints="8" visitedSequencePoints="8" numBranchPoints="0" visitedBranchPoints="0" sequenceCoverage="100.0" branchCoverage="0" maxCyclomaticComplexity="0" minCyclomaticComplexity="0" maxCrapScore="0" minCrapScore="0" visitedClasses="0" numClasses="0" visitedMethods="1" numMethods="1" />
              <MetadataToken>100663310</MetadataToken>
              <Name>static System.Void Game::GameOver()</Name>
              <FileRef uid="4" />
              <SequencePoints>
                <SequencePoint vc="1" uspid="551" ordinal="0" offset="0" sl="84" sc="5" el="84" ec="5" bec="0" bev="0" fileid="4" />
                <SequencePoint vc="1" uspid="552" ordinal="0" offset="1" sl="85" sc="9" el="85" ec="9" bec="0" bev="0" fileid="4" />
                <SequencePoint vc="1" uspid="553" ordinal="0" offset="18" sl="86" sc="9" el="86" ec="9" bec="0" bev="0" fileid="4" />
                <SequencePoint vc="1" uspid="554" ordinal="0" offset="35" sl="87" sc="9" el="87" ec="9" bec="0" bev="0" fileid="4" />
                <SequencePoint vc="1" uspid="555" ordinal="0" offset="46" sl="88" sc="9" el="88" ec="9" bec="0" bev="0" fileid="4" />
                <SequencePoint vc="1" uspid="556" ordinal="0" offset="62" sl="89" sc="9" el="89" ec="9" bec="0" bev="0" fileid="4" />
                <SequencePoint vc="1" uspid="557" ordinal="0" offset="83" sl="90" sc="9" el="90" ec="9" bec="0" bev="0" fileid="4" />
                <SequencePoint vc="1" uspid="558" ordinal="0" offset="100" sl="91" sc="5" el="91" ec="5" bec="0" bev="0" fileid="4" />
              </SequencePoints>
              <BranchPoints />
            </Method>
            <Method visited="true" cyclomaticComplexity="0" nPathComplexity="0" sequenceCoverage="100.0" branchCoverage="0" crapScore="0" isConstructor="false" isStatic="false" isGetter="false" isSetter="false">
              <Summary numSequencePoints="18" visitedSequencePoints="18" numBranchPoints="0" visitedBranchPoints="0" sequenceCoverage="100.0" branchCoverage="0" maxCyclomaticComplexity="0" minCyclomaticComplexity="0" maxCrapScore="0" minCrapScore="0" visitedClasses="0" numClasses="0" visitedMethods="1" numMethods="1" />
              <MetadataToken>100663311</MetadataToken>
              <Name>System.Void Game::NewGame()</Name>
              <FileRef uid="4" />
              <SequencePoints>
                <SequencePoint vc="1" uspid="559" ordinal="0" offset="0" sl="94" sc="5" el="94" ec="5" bec="0" bev="0" fileid="4" />
                <SequencePoint vc="1" uspid="560" ordinal="0" offset="1" sl="95" sc="9" el="95" ec="9" bec="0" bev="0" fileid="4" />
                <SequencePoint vc="1" uspid="561" ordinal="0" offset="8" sl="96" sc="9" el="96" ec="9" bec="0" bev="0" fileid="4" />
                <SequencePoint vc="1" uspid="562" ordinal="0" offset="21" sl="97" sc="9" el="97" ec="9" bec="0" bev="0" fileid="4" />
                <SequencePoint vc="1" uspid="563" ordinal="0" offset="34" sl="98" sc="9" el="98" ec="9" bec="0" bev="0" fileid="4" />
                <SequencePoint vc="1" uspid="564" ordinal="0" offset="71" sl="99" sc="9" el="99" ec="9" bec="0" bev="0" fileid="4" />
                <SequencePoint vc="1" uspid="565" ordinal="0" offset="78" sl="100" sc="9" el="100" ec="9" bec="0" bev="0" fileid="4" />
                <SequencePoint vc="1" uspid="566" ordinal="0" offset="111" sl="101" sc="9" el="101" ec="9" bec="0" bev="0" fileid="4" />
                <SequencePoint vc="1" uspid="567" ordinal="0" offset="124" sl="102" sc="9" el="102" ec="9" bec="0" bev="0" fileid="4" />
                <SequencePoint vc="1" uspid="568" ordinal="0" offset="136" sl="103" sc="9" el="103" ec="9" bec="0" bev="0" fileid="4" />
                <SequencePoint vc="1" uspid="569" ordinal="0" offset="153" sl="104" sc="9" el="104" ec="9" bec="0" bev="0" fileid="4" />
                <SequencePoint vc="1" uspid="570" ordinal="0" offset="165" sl="105" sc="9" el="105" ec="9" bec="0" bev="0" fileid="4" />
                <SequencePoint vc="1" uspid="571" ordinal="0" offset="178" sl="106" sc="9" el="106" ec="9" bec="0" bev="0" fileid="4" />
                <SequencePoint vc="1" uspid="572" ordinal="0" offset="185" sl="107" sc="9" el="107" ec="9" bec="0" bev="0" fileid="4" />
                <SequencePoint vc="1" uspid="573" ordinal="0" offset="218" sl="108" sc="9" el="108" ec="9" bec="0" bev="0" fileid="4" />
                <SequencePoint vc="1" uspid="574" ordinal="0" offset="231" sl="109" sc="9" el="109" ec="9" bec="0" bev="0" fileid="4" />
                <SequencePoint vc="1" uspid="575" ordinal="0" offset="242" sl="110" sc="9" el="110" ec="9" bec="0" bev="0" fileid="4" />
                <SequencePoint vc="1" uspid="576" ordinal="0" offset="249" sl="111" sc="5" el="111" ec="5" bec="0" bev="0" fileid="4" />
              </SequencePoints>
              <BranchPoints />
            </Method>
            <Method visited="true" cyclomaticComplexity="0" nPathComplexity="0" sequenceCoverage="100.0" branchCoverage="0" crapScore="0" isConstructor="false" isStatic="false" isGetter="false" isSetter="false">
              <Summary numSequencePoints="4" visitedSequencePoints="4" numBranchPoints="0" visitedBranchPoints="0" sequenceCoverage="100.0" branchCoverage="0" maxCyclomaticComplexity="0" minCyclomaticComplexity="0" maxCrapScore="0" minCrapScore="0" visitedClasses="0" numClasses="0" visitedMethods="1" numMethods="1" />
              <MetadataToken>100663312</MetadataToken>
              <Name>System.Void Game::AsteroidDestroyed()</Name>
              <FileRef uid="4" />
              <SequencePoints>
                <SequencePoint vc="2" uspid="577" ordinal="0" offset="0" sl="114" sc="5" el="114" ec="5" bec="0" bev="0" fileid="4" />
                <SequencePoint vc="2" uspid="578" ordinal="0" offset="1" sl="115" sc="9" el="115" ec="9" bec="0" bev="0" fileid="4" />
                <SequencePoint vc="2" uspid="579" ordinal="0" offset="15" sl="116" sc="9" el="116" ec="9" bec="0" bev="0" fileid="4" />
                <SequencePoint vc="2" uspid="580" ordinal="0" offset="52" sl="117" sc="5" el="117" ec="5" bec="0" bev="0" fileid="4" />
              </SequencePoints>
              <BranchPoints />
            </Method>
            <Method visited="true" cyclomaticComplexity="0" nPathComplexity="0" sequenceCoverage="100.0" branchCoverage="0" crapScore="0" isConstructor="false" isStatic="false" isGetter="false" isSetter="false">
              <Summary numSequencePoints="3" visitedSequencePoints="3" numBranchPoints="0" visitedBranchPoints="0" sequenceCoverage="100.0" branchCoverage="0" maxCyclomaticComplexity="0" minCyclomaticComplexity="0" maxCrapScore="0" minCrapScore="0" visitedClasses="0" numClasses="0" visitedMethods="1" numMethods="1" />
              <MetadataToken>100663313</MetadataToken>
              <Name>System.Void Game::AsteroidExplode(UnityEngine.Vector3)</Name>
              <FileRef uid="4" />
              <SequencePoints>
                <SequencePoint vc="3" uspid="581" ordinal="0" offset="0" sl="120" sc="5" el="120" ec="5" bec="0" bev="0" fileid="4" />
                <SequencePoint vc="3" uspid="582" ordinal="0" offset="1" sl="122" sc="9" el="122" ec="9" bec="0" bev="0" fileid="4" />
                <SequencePoint vc="3" uspid="583" ordinal="0" offset="18" sl="123" sc="5" el="123" ec="5" bec="0" bev="0" fileid="4" />
              </SequencePoints>
              <BranchPoints />
            </Method>
            <Method visited="true" cyclomaticComplexity="0" nPathComplexity="0" sequenceCoverage="100.0" branchCoverage="0" crapScore="0" isConstructor="false" isStatic="false" isGetter="false" isSetter="false">
              <Summary numSequencePoints="3" visitedSequencePoints="3" numBranchPoints="0" visitedBranchPoints="0" sequenceCoverage="100.0" branchCoverage="0" maxCyclomaticComplexity="0" minCyclomaticComplexity="0" maxCrapScore="0" minCrapScore="0" visitedClasses="0" numClasses="0" visitedMethods="1" numMethods="1" />
              <MetadataToken>100663314</MetadataToken>
              <Name>Ship Game::GetShip()</Name>
              <FileRef uid="4" />
              <SequencePoints>
                <SequencePoint vc="22" uspid="584" ordinal="0" offset="0" sl="126" sc="5" el="126" ec="5" bec="0" bev="0" fileid="4" />
                <SequencePoint vc="22" uspid="585" ordinal="0" offset="1" sl="127" sc="9" el="127" ec="9" bec="0" bev="0" fileid="4" />
                <SequencePoint vc="22" uspid="586" ordinal="0" offset="15" sl="128" sc="5" el="128" ec="5" bec="0" bev="0" fileid="4" />
              </SequencePoints>
              <BranchPoints />
            </Method>
            <Method visited="true" cyclomaticComplexity="0" nPathComplexity="0" sequenceCoverage="100.0" branchCoverage="0" crapScore="0" isConstructor="false" isStatic="false" isGetter="false" isSetter="false">
              <Summary numSequencePoints="3" visitedSequencePoints="3" numBranchPoints="0" visitedBranchPoints="0" sequenceCoverage="100.0" branchCoverage="0" maxCyclomaticComplexity="0" minCyclomaticComplexity="0" maxCrapScore="0" minCrapScore="0" visitedClasses="0" numClasses="0" visitedMethods="1" numMethods="1" />
              <MetadataToken>100663315</MetadataToken>
              <Name>Spawner Game::GetSpawner()</Name>
              <FileRef uid="4" />
              <SequencePoints>
                <SequencePoint vc="7" uspid="587" ordinal="0" offset="0" sl="131" sc="5" el="131" ec="5" bec="0" bev="0" fileid="4" />
                <SequencePoint vc="7" uspid="588" ordinal="0" offset="1" sl="132" sc="9" el="132" ec="9" bec="0" bev="0" fileid="4" />
                <SequencePoint vc="7" uspid="589" ordinal="0" offset="15" sl="133" sc="5" el="133" ec="5" bec="0" bev="0" fileid="4" />
              </SequencePoints>
              <BranchPoints />
            </Method>
            <Method visited="true" cyclomaticComplexity="0" nPathComplexity="0" sequenceCoverage="72.73" branchCoverage="0" crapScore="0" isConstructor="false" isStatic="false" isGetter="false" isSetter="false">
              <Summary numSequencePoints="11" visitedSequencePoints="8" numBranchPoints="0" visitedBranchPoints="0" sequenceCoverage="72.73" branchCoverage="0" maxCyclomaticComplexity="0" minCyclomaticComplexity="0" maxCrapScore="0" minCrapScore="0" visitedClasses="0" numClasses="0" visitedMethods="1" numMethods="1" />
              <MetadataToken>100663316</MetadataToken>
              <Name>System.Void Game::DepleteLife()</Name>
              <FileRef uid="4" />
              <SequencePoints>
                <SequencePoint vc="1" uspid="590" ordinal="0" offset="0" sl="136" sc="5" el="136" ec="5" bec="0" bev="0" fileid="4" />
                <SequencePoint vc="1" uspid="591" ordinal="0" offset="1" sl="137" sc="9" el="137" ec="9" bec="0" bev="0" fileid="4" />
                <SequencePoint vc="1" uspid="592" ordinal="0" offset="15" sl="138" sc="9" el="138" ec="9" bec="0" bev="0" fileid="4" />
                <SequencePoint vc="1" uspid="593" ordinal="0" offset="48" sl="139" sc="9" el="139" ec="9" bec="0" bev="0" fileid="4" />
                <SequencePoint vc="1" uspid="594" ordinal="0" offset="64" sl="140" sc="9" el="140" ec="9" bec="0" bev="0" fileid="4" />
                <SequencePoint vc="1" uspid="595" ordinal="0" offset="65" sl="141" sc="13" el="141" ec="13" bec="0" bev="0" fileid="4" />
                <SequencePoint vc="1" uspid="596" ordinal="0" offset="71" sl="142" sc="9" el="142" ec="9" bec="0" bev="0" fileid="4" />
                <SequencePoint vc="0" uspid="597" ordinal="0" offset="74" sl="144" sc="9" el="144" ec="9" bec="0" bev="0" fileid="4" />
                <SequencePoint vc="0" uspid="598" ordinal="0" offset="75" sl="145" sc="13" el="145" ec="13" bec="0" bev="0" fileid="4" />
                <SequencePoint vc="0" uspid="599" ordinal="0" offset="82" sl="146" sc="9" el="146" ec="9" bec="0" bev="0" fileid="4" />
                <SequencePoint vc="1" uspid="600" ordinal="0" offset="83" sl="147" sc="5" el="147" ec="5" bec="0" bev="0" fileid="4" />
              </SequencePoints>
              <BranchPoints />
            </Method>
            <Method visited="true" cyclomaticComplexity="0" nPathComplexity="0" sequenceCoverage="100.0" branchCoverage="0" crapScore="0" isConstructor="true" isStatic="false" isGetter="false" isSetter="false">
              <Summary numSequencePoints="5" visitedSequencePoints="5" numBranchPoints="0" visitedBranchPoints="0" sequenceCoverage="100.0" branchCoverage="0" maxCyclomaticComplexity="0" minCyclomaticComplexity="0" maxCrapScore="0" minCrapScore="0" visitedClasses="0" numClasses="0" visitedMethods="1" numMethods="1" />
              <MetadataToken>100663317</MetadataToken>
              <Name>Game::Game()</Name>
              <FileRef uid="4" />
              <SequencePoints>
                <SequencePoint vc="15" uspid="601" ordinal="0" offset="0" sl="37" sc="5" el="37" ec="5" bec="0" bev="0" fileid="4" />
                <SequencePoint vc="15" uspid="602" ordinal="0" offset="7" sl="38" sc="5" el="38" ec="5" bec="0" bev="0" fileid="4" />
                <SequencePoint vc="15" uspid="603" ordinal="0" offset="14" sl="39" sc="5" el="39" ec="5" bec="0" bev="0" fileid="4" />
                <SequencePoint vc="15" uspid="604" ordinal="0" offset="21" sl="50" sc="5" el="50" ec="5" bec="0" bev="0" fileid="4" />
                <SequencePoint vc="15" uspid="605" ordinal="0" offset="32" sl="51" sc="5" el="51" ec="5" bec="0" bev="0" fileid="4" />
              </SequencePoints>
              <BranchPoints />
            </Method>
          </Methods>
        </Class>
        <Class>
          <Summary numSequencePoints="17" visitedSequencePoints="14" numBranchPoints="0" visitedBranchPoints="0" sequenceCoverage="82.35" branchCoverage="0.0" maxCyclomaticComplexity="0" minCyclomaticComplexity="0" maxCrapScore="0" minCrapScore="0" visitedClasses="1" numClasses="1" visitedMethods="2" numMethods="2" />
          <FullName>Laser</FullName>
          <Methods>
            <Method visited="true" cyclomaticComplexity="0" nPathComplexity="0" sequenceCoverage="57.14" branchCoverage="0" crapScore="0" isConstructor="false" isStatic="false" isGetter="false" isSetter="false">
              <Summary numSequencePoints="7" visitedSequencePoints="4" numBranchPoints="0" visitedBranchPoints="0" sequenceCoverage="57.14" branchCoverage="0" maxCyclomaticComplexity="0" minCyclomaticComplexity="0" maxCrapScore="0" minCrapScore="0" visitedClasses="0" numClasses="0" visitedMethods="1" numMethods="1" />
              <MetadataToken>100663318</MetadataToken>
              <Name>System.Void Laser::Update()</Name>
              <FileRef uid="5" />
              <SequencePoints>
                <SequencePoint vc="464" uspid="606" ordinal="0" offset="0" sl="38" sc="5" el="38" ec="5" bec="0" bev="0" fileid="5" />
                <SequencePoint vc="464" uspid="607" ordinal="0" offset="1" sl="39" sc="9" el="39" ec="9" bec="0" bev="0" fileid="5" />
                <SequencePoint vc="464" uspid="608" ordinal="0" offset="38" sl="40" sc="9" el="40" ec="9" bec="0" bev="0" fileid="5" />
                <SequencePoint vc="0" uspid="609" ordinal="0" offset="65" sl="41" sc="9" el="41" ec="9" bec="0" bev="0" fileid="5" />
                <SequencePoint vc="0" uspid="610" ordinal="0" offset="66" sl="42" sc="13" el="42" ec="13" bec="0" bev="0" fileid="5" />
                <SequencePoint vc="0" uspid="611" ordinal="0" offset="78" sl="43" sc="9" el="43" ec="9" bec="0" bev="0" fileid="5" />
                <SequencePoint vc="464" uspid="612" ordinal="0" offset="79" sl="44" sc="5" el="44" ec="5" bec="0" bev="0" fileid="5" />
              </SequencePoints>
              <BranchPoints />
            </Method>
            <Method visited="true" cyclomaticComplexity="0" nPathComplexity="0" sequenceCoverage="100.0" branchCoverage="0" crapScore="0" isConstructor="false" isStatic="false" isGetter="false" isSetter="false">
              <Summary numSequencePoints="10" visitedSequencePoints="10" numBranchPoints="0" visitedBranchPoints="0" sequenceCoverage="100.0" branchCoverage="0" maxCyclomaticComplexity="0" minCyclomaticComplexity="0" maxCrapScore="0" minCrapScore="0" visitedClasses="0" numClasses="0" visitedMethods="1" numMethods="1" />
              <MetadataToken>100663319</MetadataToken>
              <Name>System.Void Laser::OnCollisionEnter(UnityEngine.Collision)</Name>
              <FileRef uid="5" />
              <SequencePoints>
                <SequencePoint vc="2" uspid="613" ordinal="0" offset="0" sl="47" sc="5" el="47" ec="5" bec="0" bev="0" fileid="5" />
                <SequencePoint vc="2" uspid="614" ordinal="0" offset="1" sl="48" sc="9" el="48" ec="9" bec="0" bev="0" fileid="5" />
                <SequencePoint vc="2" uspid="615" ordinal="0" offset="22" sl="49" sc="9" el="49" ec="9" bec="0" bev="0" fileid="5" />
                <SequencePoint vc="2" uspid="616" ordinal="0" offset="23" sl="50" sc="13" el="50" ec="13" bec="0" bev="0" fileid="5" />
                <SequencePoint vc="2" uspid="617" ordinal="0" offset="50" sl="51" sc="13" el="51" ec="13" bec="0" bev="0" fileid="5" />
                <SequencePoint vc="2" uspid="618" ordinal="0" offset="61" sl="52" sc="13" el="52" ec="13" bec="0" bev="0" fileid="5" />
                <SequencePoint vc="2" uspid="619" ordinal="0" offset="73" sl="53" sc="13" el="53" ec="13" bec="0" bev="0" fileid="5" />
                <SequencePoint vc="2" uspid="620" ordinal="0" offset="96" sl="54" sc="13" el="54" ec="13" bec="0" bev="0" fileid="5" />
                <SequencePoint vc="2" uspid="621" ordinal="0" offset="108" sl="55" sc="9" el="55" ec="9" bec="0" bev="0" fileid="5" />
                <SequencePoint vc="2" uspid="622" ordinal="0" offset="109" sl="56" sc="5" el="56" ec="5" bec="0" bev="0" fileid="5" />
              </SequencePoints>
              <BranchPoints />
            </Method>
          </Methods>
        </Class>
        <Class>
          <Summary numSequencePoints="86" visitedSequencePoints="54" numBranchPoints="0" visitedBranchPoints="0" sequenceCoverage="62.79" branchCoverage="0.0" maxCyclomaticComplexity="0" minCyclomaticComplexity="0" maxCrapScore="0" minCrapScore="0" visitedClasses="1" numClasses="1" visitedMethods="12" numMethods="12" />
          <FullName>Ship</FullName>
          <Methods>
            <Method visited="true" cyclomaticComplexity="0" nPathComplexity="0" sequenceCoverage="100.0" branchCoverage="0" crapScore="0" isConstructor="false" isStatic="false" isGetter="true" isSetter="false">
              <Summary numSequencePoints="3" visitedSequencePoints="3" numBranchPoints="0" visitedBranchPoints="0" sequenceCoverage="100.0" branchCoverage="0" maxCyclomaticComplexity="0" minCyclomaticComplexity="0" maxCrapScore="0" minCrapScore="0" visitedClasses="0" numClasses="0" visitedMethods="1" numMethods="1" />
              <MetadataToken>100663321</MetadataToken>
              <Name>System.Single Ship::get_MaxLeft()</Name>
              <FileRef uid="6" />
              <SequencePoints>
                <SequencePoint vc="1" uspid="623" ordinal="0" offset="0" sl="50" sc="32" el="50" ec="32" bec="0" bev="0" fileid="6" />
                <SequencePoint vc="1" uspid="624" ordinal="0" offset="1" sl="50" sc="34" el="50" ec="34" bec="0" bev="0" fileid="6" />
                <SequencePoint vc="1" uspid="625" ordinal="0" offset="10" sl="50" sc="50" el="50" ec="50" bec="0" bev="0" fileid="6" />
              </SequencePoints>
              <BranchPoints />
            </Method>
            <Method visited="true" cyclomaticComplexity="0" nPathComplexity="0" sequenceCoverage="100.0" branchCoverage="0" crapScore="0" isConstructor="false" isStatic="false" isGetter="true" isSetter="false">
              <Summary numSequencePoints="3" visitedSequencePoints="3" numBranchPoints="0" visitedBranchPoints="0" sequenceCoverage="100.0" branchCoverage="0" maxCyclomaticComplexity="0" minCyclomaticComplexity="0" maxCrapScore="0" minCrapScore="0" visitedClasses="0" numClasses="0" visitedMethods="1" numMethods="1" />
              <MetadataToken>100663322</MetadataToken>
              <Name>System.Single Ship::get_MaxRight()</Name>
              <FileRef uid="6" />
              <SequencePoints>
                <SequencePoint vc="1" uspid="626" ordinal="0" offset="0" sl="51" sc="33" el="51" ec="33" bec="0" bev="0" fileid="6" />
                <SequencePoint vc="1" uspid="627" ordinal="0" offset="1" sl="51" sc="35" el="51" ec="35" bec="0" bev="0" fileid="6" />
                <SequencePoint vc="1" uspid="628" ordinal="0" offset="10" sl="51" sc="52" el="51" ec="52" bec="0" bev="0" fileid="6" />
              </SequencePoints>
              <BranchPoints />
            </Method>
            <Method visited="true" cyclomaticComplexity="0" nPathComplexity="0" sequenceCoverage="100.0" branchCoverage="0" crapScore="0" isConstructor="false" isStatic="false" isGetter="false" isSetter="false">
              <Summary numSequencePoints="3" visitedSequencePoints="3" numBranchPoints="0" visitedBranchPoints="0" sequenceCoverage="100.0" branchCoverage="0" maxCyclomaticComplexity="0" minCyclomaticComplexity="0" maxCrapScore="0" minCrapScore="0" visitedClasses="0" numClasses="0" visitedMethods="1" numMethods="1" />
              <MetadataToken>100663323</MetadataToken>
              <Name>System.Void Ship::Awake()</Name>
              <FileRef uid="6" />
              <SequencePoints>
                <SequencePoint vc="14" uspid="629" ordinal="0" offset="0" sl="54" sc="5" el="54" ec="5" bec="0" bev="0" fileid="6" />
                <SequencePoint vc="14" uspid="630" ordinal="0" offset="1" sl="55" sc="9" el="55" ec="9" bec="0" bev="0" fileid="6" />
                <SequencePoint vc="14" uspid="631" ordinal="0" offset="13" sl="56" sc="5" el="56" ec="5" bec="0" bev="0" fileid="6" />
              </SequencePoints>
              <BranchPoints />
            </Method>
            <Method visited="true" cyclomaticComplexity="0" nPathComplexity="0" sequenceCoverage="20.00" branchCoverage="0" crapScore="0" isConstructor="false" isStatic="false" isGetter="false" isSetter="false">
              <Summary numSequencePoints="25" visitedSequencePoints="5" numBranchPoints="0" visitedBranchPoints="0" sequenceCoverage="20.00" branchCoverage="0" maxCyclomaticComplexity="0" minCyclomaticComplexity="0" maxCrapScore="0" minCrapScore="0" visitedClasses="0" numClasses="0" visitedMethods="1" numMethods="1" />
              <MetadataToken>100663324</MetadataToken>
              <Name>System.Void Ship::Update()</Name>
              <FileRef uid="6" />
              <SequencePoints>
                <SequencePoint vc="679" uspid="632" ordinal="0" offset="0" sl="59" sc="5" el="59" ec="5" bec="0" bev="0" fileid="6" />
                <SequencePoint vc="679" uspid="633" ordinal="0" offset="1" sl="60" sc="9" el="60" ec="9" bec="0" bev="0" fileid="6" />
                <SequencePoint vc="679" uspid="634" ordinal="0" offset="11" sl="61" sc="9" el="61" ec="9" bec="0" bev="0" fileid="6" />
                <SequencePoint vc="679" uspid="635" ordinal="0" offset="12" sl="62" sc="13" el="62" ec="13" bec="0" bev="0" fileid="6" />
                <SequencePoint vc="0" uspid="636" ordinal="0" offset="14" sl="65" sc="9" el="65" ec="9" bec="0" bev="0" fileid="6" />
                <SequencePoint vc="0" uspid="637" ordinal="0" offset="36" sl="66" sc="9" el="66" ec="9" bec="0" bev="0" fileid="6" />
                <SequencePoint vc="0" uspid="638" ordinal="0" offset="37" sl="67" sc="13" el="67" ec="13" bec="0" bev="0" fileid="6" />
                <SequencePoint vc="0" uspid="639" ordinal="0" offset="44" sl="68" sc="9" el="68" ec="9" bec="0" bev="0" fileid="6" />
                <SequencePoint vc="0" uspid="640" ordinal="0" offset="45" sl="70" sc="9" el="70" ec="9" bec="0" bev="0" fileid="6" />
                <SequencePoint vc="0" uspid="641" ordinal="0" offset="59" sl="71" sc="9" el="71" ec="9" bec="0" bev="0" fileid="6" />
                <SequencePoint vc="0" uspid="642" ordinal="0" offset="60" sl="72" sc="13" el="72" ec="13" bec="0" bev="0" fileid="6" />
                <SequencePoint vc="0" uspid="643" ordinal="0" offset="67" sl="73" sc="9" el="73" ec="9" bec="0" bev="0" fileid="6" />
                <SequencePoint vc="0" uspid="644" ordinal="0" offset="68" sl="75" sc="9" el="75" ec="9" bec="0" bev="0" fileid="6" />
                <SequencePoint vc="0" uspid="645" ordinal="0" offset="82" sl="76" sc="9" el="76" ec="9" bec="0" bev="0" fileid="6" />
                <SequencePoint vc="0" uspid="646" ordinal="0" offset="83" sl="77" sc="13" el="77" ec="13" bec="0" bev="0" fileid="6" />
                <SequencePoint vc="0" uspid="647" ordinal="0" offset="90" sl="78" sc="9" el="78" ec="9" bec="0" bev="0" fileid="6" />
                <SequencePoint vc="0" uspid="648" ordinal="0" offset="91" sl="80" sc="9" el="80" ec="9" bec="0" bev="0" fileid="6" />
                <SequencePoint vc="0" uspid="649" ordinal="0" offset="107" sl="81" sc="9" el="81" ec="9" bec="0" bev="0" fileid="6" />
                <SequencePoint vc="0" uspid="650" ordinal="0" offset="108" sl="82" sc="13" el="82" ec="13" bec="0" bev="0" fileid="6" />
                <SequencePoint vc="0" uspid="651" ordinal="0" offset="115" sl="83" sc="9" el="83" ec="9" bec="0" bev="0" fileid="6" />
                <SequencePoint vc="0" uspid="652" ordinal="0" offset="116" sl="85" sc="9" el="85" ec="9" bec="0" bev="0" fileid="6" />
                <SequencePoint vc="0" uspid="653" ordinal="0" offset="132" sl="86" sc="9" el="86" ec="9" bec="0" bev="0" fileid="6" />
[...]
                <SequencePoint vc="1" uspid="695" ordinal="0" offset="14" sl="152" sc="9" el="152" ec="9" bec="0" bev="0" fileid="6" />
                <SequencePoint vc="1" uspid="696" ordinal="0" offset="32" sl="153" sc="9" el="153" ec="9" bec="0" bev="0" fileid="6" />
                <SequencePoint vc="1" uspid="697" ordinal="0" offset="45" sl="154" sc="9" el="154" ec="9" bec="0" bev="0" fileid="6" />
                <SequencePoint vc="1" uspid="698" ordinal="0" offset="52" sl="155" sc="5" el="155" ec="5" bec="0" bev="0" fileid="6" />
              </SequencePoints>
              <BranchPoints />
            </Method>
            <Method visited="true" cyclomaticComplexity="0" nPathComplexity="0" sequenceCoverage="100.0" branchCoverage="0" crapScore="0" isConstructor="false" isStatic="false" isGetter="false" isSetter="false">
              <Summary numSequencePoints="6" visitedSequencePoints="6" numBranchPoints="0" visitedBranchPoints="0" sequenceCoverage="100.0" branchCoverage="0" maxCyclomaticComplexity="0" minCyclomaticComplexity="0" maxCrapScore="0" minCrapScore="0" visitedClasses="0" numClasses="0" visitedMethods="1" numMethods="1" />
              <MetadataToken>100663333</MetadataToken>
              <Name>System.Void Ship::RepairShip()</Name>
              <FileRef uid="6" />
              <SequencePoints>
                <SequencePoint vc="1" uspid="699" ordinal="0" offset="0" sl="158" sc="5" el="158" ec="5" bec="0" bev="0" fileid="6" />
                <SequencePoint vc="1" uspid="700" ordinal="0" offset="1" sl="159" sc="9" el="159" ec="9" bec="0" bev="0" fileid="6" />
                <SequencePoint vc="1" uspid="701" ordinal="0" offset="14" sl="160" sc="9" el="160" ec="9" bec="0" bev="0" fileid="6" />
                <SequencePoint vc="1" uspid="702" ordinal="0" offset="32" sl="161" sc="9" el="161" ec="9" bec="0" bev="0" fileid="6" />
                <SequencePoint vc="1" uspid="703" ordinal="0" offset="45" sl="162" sc="9" el="162" ec="9" bec="0" bev="0" fileid="6" />
                <SequencePoint vc="1" uspid="704" ordinal="0" offset="52" sl="163" sc="5" el="163" ec="5" bec="0" bev="0" fileid="6" />
              </SequencePoints>
              <BranchPoints />
            </Method>
            <Method visited="true" cyclomaticComplexity="0" nPathComplexity="0" sequenceCoverage="100.0" branchCoverage="0" crapScore="0" isConstructor="true" isStatic="false" isGetter="false" isSetter="false">
              <Summary numSequencePoints="7" visitedSequencePoints="7" numBranchPoints="0" visitedBranchPoints="0" sequenceCoverage="100.0" branchCoverage="0" maxCyclomaticComplexity="0" minCyclomaticComplexity="0" maxCrapScore="0" minCrapScore="0" visitedClasses="0" numClasses="0" visitedMethods="1" numMethods="1" />
              <MetadataToken>100663334</MetadataToken>
              <Name>Ship::Ship()</Name>
              <FileRef uid="6" />
              <SequencePoints>
                <SequencePoint vc="15" uspid="705" ordinal="0" offset="0" sl="36" sc="5" el="36" ec="5" bec="0" bev="0" fileid="6" />
                <SequencePoint vc="15" uspid="706" ordinal="0" offset="7" sl="37" sc="5" el="37" ec="5" bec="0" bev="0" fileid="6" />
                <SequencePoint vc="15" uspid="707" ordinal="0" offset="18" sl="38" sc="5" el="38" ec="5" bec="0" bev="0" fileid="6" />
                <SequencePoint vc="15" uspid="708" ordinal="0" offset="25" sl="46" sc="5" el="46" ec="5" bec="0" bev="0" fileid="6" />
                <SequencePoint vc="15" uspid="709" ordinal="0" offset="36" sl="47" sc="5" el="47" ec="5" bec="0" bev="0" fileid="6" />
                <SequencePoint vc="15" uspid="710" ordinal="0" offset="47" sl="48" sc="5" el="48" ec="5" bec="0" bev="0" fileid="6" />
                <SequencePoint vc="15" uspid="711" ordinal="0" offset="58" sl="49" sc="5" el="49" ec="5" bec="0" bev="0" fileid="6" />
              </SequencePoints>
              <BranchPoints />
            </Method>
          </Methods>
        </Class>
        <Class>
          <Summary numSequencePoints="45" visitedSequencePoints="43" numBranchPoints="0" visitedBranchPoints="0" sequenceCoverage="95.56" branchCoverage="0.0" maxCyclomaticComplexity="0" minCyclomaticComplexity="0" maxCrapScore="0" minCrapScore="0" visitedClasses="1" numClasses="1" visitedMethods="9" numMethods="9" />
          <FullName>Spawner</FullName>
          <Methods>
            <Method visited="true" cyclomaticComplexity="0" nPathComplexity="0" sequenceCoverage="100.0" branchCoverage="0" crapScore="0" isConstructor="false" isStatic="false" isGetter="false" isSetter="false">
              <Summary numSequencePoints="6" visitedSequencePoints="6" numBranchPoints="0" visitedBranchPoints="0" sequenceCoverage="100.0" branchCoverage="0" maxCyclomaticComplexity="0" minCyclomaticComplexity="0" maxCrapScore="0" minCrapScore="0" visitedClasses="0" numClasses="0" visitedMethods="1" numMethods="1" />
              <MetadataToken>100663335</MetadataToken>
              <Name>System.Void Spawner::Awake()</Name>
              <FileRef uid="7" />
              <SequencePoints>
                <SequencePoint vc="14" uspid="712" ordinal="0" offset="0" sl="52" sc="5" el="52" ec="5" bec="0" bev="0" fileid="7" />
                <SequencePoint vc="14" uspid="713" ordinal="0" offset="1" sl="53" sc="9" el="53" ec="9" bec="0" bev="0" fileid="7" />
                <SequencePoint vc="14" uspid="714" ordinal="0" offset="57" sl="55" sc="9" el="55" ec="9" bec="0" bev="0" fileid="7" />
                <SequencePoint vc="14" uspid="715" ordinal="0" offset="74" sl="56" sc="9" el="56" ec="9" bec="0" bev="0" fileid="7" />
                <SequencePoint vc="14" uspid="716" ordinal="0" offset="86" sl="57" sc="9" el="57" ec="9" bec="0" bev="0" fileid="7" />
                <SequencePoint vc="14" uspid="717" ordinal="0" offset="98" sl="58" sc="5" el="58" ec="5" bec="0" bev="0" fileid="7" />
              </SequencePoints>
              <BranchPoints />
            </Method>
            <Method visited="true" cyclomaticComplexity="0" nPathComplexity="0" sequenceCoverage="100.0" branchCoverage="0" crapScore="0" isConstructor="false" isStatic="false" isGetter="false" isSetter="false">
              <Summary numSequencePoints="3" visitedSequencePoints="3" numBranchPoints="0" visitedBranchPoints="0" sequenceCoverage="100.0" branchCoverage="0" maxCyclomaticComplexity="0" minCyclomaticComplexity="0" maxCrapScore="0" minCrapScore="0" visitedClasses="0" numClasses="0" visitedMethods="1" numMethods="1" />
              <MetadataToken>100663336</MetadataToken>
              <Name>System.Void Spawner::BeginSpawning()</Name>
              <FileRef uid="7" />
              <SequencePoints>
                <SequencePoint vc="1" uspid="718" ordinal="0" offset="0" sl="61" sc="5" el="61" ec="5" bec="0" bev="0" fileid="7" />
                <SequencePoint vc="1" uspid="719" ordinal="0" offset="1" sl="62" sc="9" el="62" ec="9" bec="0" bev="0" fileid="7" />
                <SequencePoint vc="1" uspid="720" ordinal="0" offset="14" sl="63" sc="5" el="63" ec="5" bec="0" bev="0" fileid="7" />
              </SequencePoints>
              <BranchPoints />
            </Method>
            <Method visited="true" cyclomaticComplexity="0" nPathComplexity="0" sequenceCoverage="88.24" branchCoverage="0" crapScore="0" isConstructor="false" isStatic="false" isGetter="false" isSetter="false">
              <Summary numSequencePoints="17" visitedSequencePoints="15" numBranchPoints="0" visitedBranchPoints="0" sequenceCoverage="88.24" branchCoverage="0" maxCyclomaticComplexity="0" minCyclomaticComplexity="0" maxCrapScore="0" minCrapScore="0" visitedClasses="0" numClasses="0" visitedMethods="1" numMethods="1" />
              <MetadataToken>100663338</MetadataToken>
              <Name>UnityEngine.GameObject Spawner::SpawnAsteroid()</Name>
              <FileRef uid="7" />
              <SequencePoints>
                <SequencePoint vc="5" uspid="721" ordinal="0" offset="0" sl="75" sc="5" el="75" ec="5" bec="0" bev="0" fileid="7" />
                <SequencePoint vc="5" uspid="722" ordinal="0" offset="1" sl="76" sc="9" el="76" ec="9" bec="0" bev="0" fileid="7" />
                <SequencePoint vc="5" uspid="723" ordinal="0" offset="9" sl="78" sc="9" el="78" ec="9" bec="0" bev="0" fileid="7" />
                <SequencePoint vc="1" uspid="724" ordinal="0" offset="39" sl="81" sc="17" el="81" ec="17" bec="0" bev="0" fileid="7" />
                <SequencePoint vc="1" uspid="725" ordinal="0" offset="51" sl="82" sc="17" el="82" ec="17" bec="0" bev="0" fileid="7" />
                <SequencePoint vc="2" uspid="726" ordinal="0" offset="53" sl="84" sc="17" el="84" ec="17" bec="0" bev="0" fileid="7" />
                <SequencePoint vc="2" uspid="727" ordinal="0" offset="65" sl="85" sc="17" el="85" ec="17" bec="0" bev="0" fileid="7" />
                <SequencePoint vc="1" uspid="728" ordinal="0" offset="67" sl="87" sc="17" el="87" ec="17" bec="0" bev="0" fileid="7" />
                <SequencePoint vc="1" uspid="729" ordinal="0" offset="79" sl="88" sc="17" el="88" ec="17" bec="0" bev="0" fileid="7" />
                <SequencePoint vc="1" uspid="730" ordinal="0" offset="81" sl="90" sc="17" el="90" ec="17" bec="0" bev="0" fileid="7" />
                <SequencePoint vc="1" uspid="731" ordinal="0" offset="93" sl="91" sc="17" el="91" ec="17" bec="0" bev="0" fileid="7" />
                <SequencePoint vc="0" uspid="732" ordinal="0" offset="95" sl="93" sc="17" el="93" ec="17" bec="0" bev="0" fileid="7" />
                <SequencePoint vc="0" uspid="733" ordinal="0" offset="107" sl="94" sc="17" el="94" ec="17" bec="0" bev="0" fileid="7" />
                <SequencePoint vc="5" uspid="734" ordinal="0" offset="109" sl="97" sc="9" el="97" ec="9" bec="0" bev="0" fileid="7" />
                <SequencePoint vc="5" uspid="735" ordinal="0" offset="117" sl="98" sc="9" el="98" ec="9" bec="0" bev="0" fileid="7" />
                <SequencePoint vc="5" uspid="736" ordinal="0" offset="125" sl="99" sc="9" el="99" ec="9" bec="0" bev="0" fileid="7" />
                <SequencePoint vc="5" uspid="737" ordinal="0" offset="130" sl="100" sc="5" el="100" ec="5" bec="0" bev="0" fileid="7" />
              </SequencePoints>
              <BranchPoints />
            </Method>
            <Method visited="true" cyclomaticComplexity="0" nPathComplexity="0" sequenceCoverage="100.0" branchCoverage="0" crapScore="0" isConstructor="false" isStatic="false" isGetter="false" isSetter="false">
              <Summary numSequencePoints="5" visitedSequencePoints="5" numBranchPoints="0" visitedBranchPoints="0" sequenceCoverage="100.0" branchCoverage="0" maxCyclomaticComplexity="0" minCyclomaticComplexity="0" maxCrapScore="0" minCrapScore="0" visitedClasses="0" numClasses="0" visitedMethods="1" numMethods="1" />
              <MetadataToken>100663339</MetadataToken>
              <Name>UnityEngine.GameObject Spawner::SpawnAsteroidExplosion(UnityEngine.Vector3)</Name>
              <FileRef uid="7" />
              <SequencePoints>
                <SequencePoint vc="5" uspid="738" ordinal="0" offset="0" sl="103" sc="5" el="103" ec="5" bec="0" bev="0" fileid="7" />
                <SequencePoint vc="5" uspid="739" ordinal="0" offset="1" sl="104" sc="9" el="104" ec="9" bec="0" bev="0" fileid="7" />
                <SequencePoint vc="5" uspid="740" ordinal="0" offset="19" sl="105" sc="9" el="105" ec="9" bec="0" bev="0" fileid="7" />
                <SequencePoint vc="5" uspid="741" ordinal="0" offset="27" sl="106" sc="9" el="106" ec="9" bec="0" bev="0" fileid="7" />
                <SequencePoint vc="5" uspid="742" ordinal="0" offset="31" sl="107" sc="5" el="107" ec="5" bec="0" bev="0" fileid="7" />
              </SequencePoints>
              <BranchPoints />
            </Method>
            <Method visited="true" cyclomaticComplexity="0" nPathComplexity="0" sequenceCoverage="100.0" branchCoverage="0" crapScore="0" isConstructor="false" isStatic="false" isGetter="false" isSetter="false">
              <Summary numSequencePoints="4" visitedSequencePoints="4" numBranchPoints="0" visitedBranchPoints="0" sequenceCoverage="100.0" branchCoverage="0" maxCyclomaticComplexity="0" minCyclomaticComplexity="0" maxCrapScore="0" minCrapScore="0" visitedClasses="0" numClasses="0" visitedMethods="1" numMethods="1" />
              <MetadataToken>100663340</MetadataToken>
              <Name>System.Void Spawner::SetPosition(UnityEngine.GameObject)</Name>
              <FileRef uid="7" />
              <SequencePoints>
                <SequencePoint vc="5" uspid="743" ordinal="0" offset="0" sl="110" sc="5" el="110" ec="5" bec="0" bev="0" fileid="7" />
                <SequencePoint vc="5" uspid="744" ordinal="0" offset="1" sl="111" sc="9" el="111" ec="9" bec="0" bev="0" fileid="7" />
                <SequencePoint vc="5" uspid="745" ordinal="0" offset="17" sl="114" sc="9" el="114" ec="9" bec="0" bev="0" fileid="7" />
                <SequencePoint vc="5" uspid="746" ordinal="0" offset="57" sl="115" sc="5" el="115" ec="5" bec="0" bev="0" fileid="7" />
              </SequencePoints>
              <BranchPoints />
            </Method>
            <Method visited="true" cyclomaticComplexity="0" nPathComplexity="0" sequenceCoverage="100.0" branchCoverage="0" crapScore="0" isConstructor="false" isStatic="false" isGetter="false" isSetter="false">
              <Summary numSequencePoints="3" visitedSequencePoints="3" numBranchPoints="0" visitedBranchPoints="0" sequenceCoverage="100.0" branchCoverage="0" maxCyclomaticComplexity="0" minCyclomaticComplexity="0" maxCrapScore="0" minCrapScore="0" visitedClasses="0" numClasses="0" visitedMethods="1" numMethods="1" />
              <MetadataToken>100663341</MetadataToken>
              <Name>System.Void Spawner::PlayExplosion()</Name>
              <FileRef uid="7" />
              <SequencePoints>
                <SequencePoint vc="2" uspid="747" ordinal="0" offset="0" sl="118" sc="5" el="118" ec="5" bec="0" bev="0" fileid="7" />
                <SequencePoint vc="2" uspid="748" ordinal="0" offset="1" sl="119" sc="9" el="119" ec="9" bec="0" bev="0" fileid="7" />
                <SequencePoint vc="2" uspid="749" ordinal="0" offset="24" sl="120" sc="5" el="120" ec="5" bec="0" bev="0" fileid="7" />
              </SequencePoints>
              <BranchPoints />
            </Method>
            <Method visited="true" cyclomaticComplexity="0" nPathComplexity="0" sequenceCoverage="100.0" branchCoverage="0" crapScore="0" isConstructor="false" isStatic="false" isGetter="false" isSetter="false">
              <Summary numSequencePoints="3" visitedSequencePoints="3" numBranchPoints="0" visitedBranchPoints="0" sequenceCoverage="100.0" branchCoverage="0" maxCyclomaticComplexity="0" minCyclomaticComplexity="0" maxCrapScore="0" minCrapScore="0" visitedClasses="0" numClasses="0" visitedMethods="1" numMethods="1" />
              <MetadataToken>100663342</MetadataToken>
              <Name>System.Void Spawner::ClearAsteroids()</Name>
              <FileRef uid="7" />
              <SequencePoints>
                <SequencePoint vc="1" uspid="750" ordinal="0" offset="0" sl="123" sc="5" el="123" ec="5" bec="0" bev="0" fileid="7" />
                <SequencePoint vc="1" uspid="751" ordinal="0" offset="1" sl="124" sc="9" el="124" ec="9" bec="0" bev="0" fileid="7" />
                <SequencePoint vc="1" uspid="752" ordinal="0" offset="13" sl="125" sc="5" el="125" ec="5" bec="0" bev="0" fileid="7" />
              </SequencePoints>
              <BranchPoints />
            </Method>
            <Method visited="true" cyclomaticComplexity="0" nPathComplexity="0" sequenceCoverage="100.0" branchCoverage="0" crapScore="0" isConstructor="false" isStatic="false" isGetter="false" isSetter="false">
              <Summary numSequencePoints="3" visitedSequencePoints="3" numBranchPoints="0" visitedBranchPoints="0" sequenceCoverage="100.0" branchCoverage="0" maxCyclomaticComplexity="0" minCyclomaticComplexity="0" maxCrapScore="0" minCrapScore="0" visitedClasses="0" numClasses="0" visitedMethods="1" numMethods="1" />
              <MetadataToken>100663343</MetadataToken>
              <Name>System.Void Spawner::StopSpawning()</Name>
              <FileRef uid="7" />
              <SequencePoints>
                <SequencePoint vc="1" uspid="753" ordinal="0" offset="0" sl="128" sc="5" el="128" ec="5" bec="0" bev="0" fileid="7" />
                <SequencePoint vc="1" uspid="754" ordinal="0" offset="1" sl="129" sc="9" el="129" ec="9" bec="0" bev="0" fileid="7" />
                <SequencePoint vc="1" uspid="755" ordinal="0" offset="14" sl="130" sc="5" el="130" ec="5" bec="0" bev="0" fileid="7" />
              </SequencePoints>
              <BranchPoints />
            </Method>
            <Method visited="true" cyclomaticComplexity="0" nPathComplexity="0" sequenceCoverage="100.0" branchCoverage="0" crapScore="0" isConstructor="false" isStatic="false" isGetter="false" isSetter="false">
              <Summary numSequencePoints="1" visitedSequencePoints="1" numBranchPoints="0" visitedBranchPoints="0" sequenceCoverage="100.0" branchCoverage="0" maxCyclomaticComplexity="0" minCyclomaticComplexity="0" maxCrapScore="0" minCrapScore="0" visitedClasses="0" numClasses="0" visitedMethods="1" numMethods="1" />
              <MetadataToken>100663345</MetadataToken>
              <Name>System.Void Spawner::&lt;Awake&gt;b__9_0(UnityEngine.GameObject)</Name>
              <FileRef uid="7" />
              <SequencePoints>
                <SequencePoint vc="2" uspid="756" ordinal="0" offset="0" sl="54" sc="26" el="54" ec="26" bec="0" bev="0" fileid="7" />
              </SequencePoints>
              <BranchPoints />
            </Method>
          </Methods>
        </Class>
        <Class>
          <Summary numSequencePoints="6" visitedSequencePoints="4" numBranchPoints="0" visitedBranchPoints="0" sequenceCoverage="66.67" branchCoverage="0.0" maxCyclomaticComplexity="0" minCyclomaticComplexity="0" maxCrapScore="0" minCrapScore="0" visitedClasses="1" numClasses="1" visitedMethods="1" numMethods="1" />
          <FullName>Spawner/&lt;Spawn&gt;d__11</FullName>
          <Methods>
            <Method visited="true" cyclomaticComplexity="0" nPathComplexity="0" sequenceCoverage="66.67" branchCoverage="0" crapScore="0" isConstructor="false" isStatic="false" isGetter="false" isSetter="false">
              <Summary numSequencePoints="6" visitedSequencePoints="4" numBranchPoints="0" visitedBranchPoints="0" sequenceCoverage="66.67" branchCoverage="0" maxCyclomaticComplexity="0" minCyclomaticComplexity="0" maxCrapScore="0" minCrapScore="0" visitedClasses="0" numClasses="0" visitedMethods="1" numMethods="1" />
              <MetadataToken>100663356</MetadataToken>
              <Name>System.Boolean Spawner/&lt;Spawn&gt;d__11::MoveNext()</Name>
              <FileRef uid="7" />
              <SequencePoints>
                <SequencePoint vc="1" uspid="765" ordinal="0" offset="31" sl="66" sc="5" el="66" ec="5" bec="0" bev="0" fileid="7" />
                <SequencePoint vc="1" uspid="766" ordinal="0" offset="34" sl="68" sc="9" el="68" ec="9" bec="0" bev="0" fileid="7" />
                <SequencePoint vc="1" uspid="767" ordinal="0" offset="35" sl="69" sc="13" el="69" ec="13" bec="0" bev="0" fileid="7" />
                <SequencePoint vc="0" uspid="768" ordinal="0" offset="67" sl="70" sc="13" el="70" ec="13" bec="0" bev="0" fileid="7" />
                <SequencePoint vc="0" uspid="769" ordinal="0" offset="79" sl="71" sc="9" el="71" ec="9" bec="0" bev="0" fileid="7" />
                <SequencePoint vc="1" uspid="770" ordinal="0" offset="80" sl="67" sc="9" el="67" ec="9" bec="0" bev="0" fileid="7" />
              </SequencePoints>
              <BranchPoints />
            </Method>
          </Methods>
        </Class>
      </Classes>
    </Module>
  </Modules>
</CoverageSession>