<?xml version="1.0" encoding="utf-8"?>
<CoverageSession xmlns:xsd="http://www.w3.org/2001/XMLSchema" xmlns:xsi="http://www.w3.org/2001/XMLSchema-instance" Version="0.0.0.0">
  <Summary numSequencePoints="79" visitedSequencePoints="64" numBranchPoints="0" visitedBranchPoints="0" sequenceCoverage="81.01" branchCoverage="0.0" maxCyclomaticComplexity="0" minCyclomaticComplexity="0" maxCrapScore="0" minCrapScore="0" visitedClasses="7" numClasses="7" visitedMethods="15" numMethods="15" />
  <Modules>
    <Module>
      <Summary numSequencePoints="17" visitedSequencePoints="17" numBranchPoints="0" visitedBranchPoints="0" sequenceCoverage="100.0" branchCoverage="0.0" maxCyclomaticComplexity="0" minCyclomaticComplexity="0" maxCrapScore="0" minCrapScore="0" visitedClasses="2" numClasses="2" visitedMethods="3" numMethods="3" />
      <ModuleTime>0001-01-01T00:00:00</ModuleTime>
      <ModuleName>Tests</ModuleName>
      <Files>
        <File uid="1" fullPath="C:/Users/labuser/Desktop/Crashteroids_C00265675/Assets/Tests/TestSuite.cs" />
      </Files>
      <Classes>
        <Class>
          <Summary numSequencePoints="7" visitedSequencePoints="7" numBranchPoints="0" visitedBranchPoints="0" sequenceCoverage="100.0" branchCoverage="0.0" maxCyclomaticComplexity="0" minCyclomaticComplexity="0" maxCrapScore="0" minCrapScore="0" visitedClasses="1" numClasses="1" visitedMethods="2" numMethods="2" />
          <FullName>TestSuite</FullName>
          <Methods>
            <Method visited="true" cyclomaticComplexity="0" nPathComplexity="0" sequenceCoverage="100.0" branchCoverage="0" crapScore="0" isConstructor="false" isStatic="false" isGetter="false" isSetter="false">
              <Summary numSequencePoints="4" visitedSequencePoints="4" numBranchPoints="0" visitedBranchPoints="0" sequenceCoverage="100.0" branchCoverage="0" maxCyclomaticComplexity="0" minCyclomaticComplexity="0" maxCrapScore="0" minCrapScore="0" visitedClasses="0" numClasses="0" visitedMethods="1" numMethods="1" />
              <MetadataToken>100663297</MetadataToken>
              <Name>System.Void TestSuite::Setup()</Name>
              <FileRef uid="1" />
              <SequencePoints>
                <SequencePoint vc="1" uspid="309" ordinal="0" offset="0" sl="13" sc="5" el="13" ec="5" bec="0" bev="0" fileid="1" />
                <SequencePoint vc="1" uspid="310" ordinal="0" offset="1" sl="14" sc="9" el="14" ec="9" bec="0" bev="0" fileid="1" />
                <SequencePoint vc="1" uspid="311" ordinal="0" offset="17" sl="16" sc="9" el="16" ec="9" bec="0" bev="0" fileid="1" />
                <SequencePoint vc="1" uspid="312" ordinal="0" offset="29" sl="17" sc="5" el="17" ec="5" bec="0" bev="0" fileid="1" />
              </SequencePoints>
              <BranchPoints />
            </Method>
            <Method visited="true" cyclomaticComplexity="0" nPathComplexity="0" sequenceCoverage="100.0" branchCoverage="0" crapScore="0" isConstructor="false" isStatic="false" isGetter="false" isSetter="false">
              <Summary numSequencePoints="3" visitedSequencePoints="3" numBranchPoints="0" visitedBranchPoints="0" sequenceCoverage="100.0" branchCoverage="0" maxCyclomaticComplexity="0" minCyclomaticComplexity="0" maxCrapScore="0" minCrapScore="0" visitedClasses="0" numClasses="0" visitedMethods="1" numMethods="1" />
              <MetadataToken>100663298</MetadataToken>
              <Name>System.Void TestSuite::Teardown()</Name>
              <FileRef uid="1" />
              <SequencePoints>
                <SequencePoint vc="1" uspid="313" ordinal="0" offset="0" sl="21" sc="5" el="21" ec="5" bec="0" bev="0" fileid="1" />
                <SequencePoint vc="1" uspid="314" ordinal="0" offset="1" sl="22" sc="9" el="22" ec="9" bec="0" bev="0" fileid="1" />
                <SequencePoint vc="1" uspid="315" ordinal="0" offset="18" sl="23" sc="5" el="23" ec="5" bec="0" bev="0" fileid="1" />
              </SequencePoints>
              <BranchPoints />
            </Method>
          </Methods>
        </Class>
        <Class>
          <Summary numSequencePoints="10" visitedSequencePoints="10" numBranchPoints="0" visitedBranchPoints="0" sequenceCoverage="100.0" branchCoverage="0.0" maxCyclomaticComplexity="0" minCyclomaticComplexity="0" maxCrapScore="0" minCrapScore="0" visitedClasses="1" numClasses="1" visitedMethods="1" numMethods="1" />
          <FullName>TestSuite/&lt;TestParticleSystemStops&gt;d__14</FullName>
          <Methods>
            <Method visited="true" cyclomaticComplexity="0" nPathComplexity="0" sequenceCoverage="100.0" branchCoverage="0" crapScore="0" isConstructor="false" isStatic="false" isGetter="false" isSetter="false">
              <Summary numSequencePoints="10" visitedSequencePoints="10" numBranchPoints="0" visitedBranchPoints="0" sequenceCoverage="100.0" branchCoverage="0" maxCyclomaticComplexity="0" minCyclomaticComplexity="0" maxCrapScore="0" minCrapScore="0" visitedClasses="0" numClasses="0" visitedMethods="1" numMethods="1" />
              <MetadataToken>100663376</MetadataToken>
              <Name>System.Boolean TestSuite/&lt;TestParticleSystemStops&gt;d__14::MoveNext()</Name>
              <FileRef uid="1" />
              <SequencePoints>
                <SequencePoint vc="1" uspid="388" ordinal="0" offset="34" sl="170" sc="5" el="170" ec="5" bec="0" bev="0" fileid="1" />
                <SequencePoint vc="1" uspid="389" ordinal="0" offset="35" sl="174" sc="9" el="174" ec="9" bec="0" bev="0" fileid="1" />
                <SequencePoint vc="1" uspid="390" ordinal="0" offset="88" sl="175" sc="9" el="175" ec="9" bec="0" bev="0" fileid="1" />
                <SequencePoint vc="1" uspid="391" ordinal="0" offset="105" sl="176" sc="9" el="176" ec="9" bec="0" bev="0" fileid="1" />
                <SequencePoint vc="1" uspid="392" ordinal="0" offset="122" sl="177" sc="9" el="177" ec="9" bec="0" bev="0" fileid="1" />
                <SequencePoint vc="1" uspid="393" ordinal="0" offset="140" sl="180" sc="9" el="180" ec="9" bec="0" bev="0" fileid="1" />
                <SequencePoint vc="1" uspid="394" ordinal="0" offset="152" sl="181" sc="9" el="181" ec="9" bec="0" bev="0" fileid="1" />
                <SequencePoint vc="1" uspid="395" ordinal="0" offset="164" sl="182" sc="9" el="182" ec="9" bec="0" bev="0" fileid="1" />
                <SequencePoint vc="1" uspid="396" ordinal="0" offset="187" sl="185" sc="9" el="185" ec="9" bec="0" bev="0" fileid="1" />
                <SequencePoint vc="1" uspid="397" ordinal="0" offset="204" sl="186" sc="5" el="186" ec="5" bec="0" bev="0" fileid="1" />
              </SequencePoints>
              <BranchPoints />
            </Method>
          </Methods>
        </Class>
      </Classes>
    </Module>
    <Module>
      <Summary numSequencePoints="62" visitedSequencePoints="47" numBranchPoints="0" visitedBranchPoints="0" sequenceCoverage="75.81" branchCoverage="0.0" maxCyclomaticComplexity="0" minCyclomaticComplexity="0" maxCrapScore="0" minCrapScore="0" visitedClasses="5" numClasses="5" visitedMethods="12" numMethods="12" />
      <ModuleTime>0001-01-01T00:00:00</ModuleTime>
      <ModuleName>GameAssembly</ModuleName>
      <Files>
        <File uid="2" fullPath="C:/Users/labuser/Desktop/Crashteroids_C00265675/Assets/Scripts/Asteroid.cs" />
        <File uid="3" fullPath="C:/Users/labuser/Desktop/Crashteroids_C00265675/Assets/Scripts/AutoDestroyParticleSystem.cs" />
        <File uid="4" fullPath="C:/Users/labuser/Desktop/Crashteroids_C00265675/Assets/Scripts/Game.cs" />
        <File uid="5" fullPath="C:/Users/labuser/Desktop/Crashteroids_C00265675/Assets/Scripts/Laser.cs" />
        <File uid="6" fullPath="C:/Users/labuser/Desktop/Crashteroids_C00265675/Assets/Scripts/Ship.cs" />
        <File uid="7" fullPath="C:/Users/labuser/Desktop/Crashteroids_C00265675/Assets/Scripts/Spawner.cs" />
      </Files>
      <Classes>
        <Class>
          <Summary numSequencePoints="2" visitedSequencePoints="2" numBranchPoints="0" visitedBranchPoints="0" sequenceCoverage="100.0" branchCoverage="0.0" maxCyclomaticComplexity="0" minCyclomaticComplexity="0" maxCrapScore="0" minCrapScore="0" visitedClasses="1" numClasses="1" visitedMethods="1" numMethods="1" />
          <FullName>Asteroid</FullName>
          <Methods>
            <Method visited="true" cyclomaticComplexity="0" nPathComplexity="0" sequenceCoverage="100.0" branchCoverage="0" crapScore="0" isConstructor="true" isStatic="false" isGetter="false" isSetter="false">
              <Summary numSequencePoints="2" visitedSequencePoints="2" numBranchPoints="0" visitedBranchPoints="0" sequenceCoverage="100.0" branchCoverage="0" maxCyclomaticComplexity="0" minCyclomaticComplexity="0" maxCrapScore="0" minCrapScore="0" visitedClasses="0" numClasses="0" visitedMethods="1" numMethods="1" />
              <MetadataToken>100663301</MetadataToken>
              <Name>Asteroid::Asteroid()</Name>
              <FileRef uid="2" />
              <SequencePoints>
                <SequencePoint vc="4" uspid="419" ordinal="0" offset="0" sl="35" sc="5" el="35" ec="5" bec="0" bev="0" fileid="2" />
                <SequencePoint vc="4" uspid="420" ordinal="0" offset="11" sl="36" sc="5" el="36" ec="5" bec="0" bev="0" fileid="2" />
              </SequencePoints>
              <BranchPoints />
            </Method>
          </Methods>
        </Class>
        <Class>
          <Summary numSequencePoints="9" visitedSequencePoints="6" numBranchPoints="0" visitedBranchPoints="0" sequenceCoverage="66.67" branchCoverage="0.0" maxCyclomaticComplexity="0" minCyclomaticComplexity="0" maxCrapScore="0" minCrapScore="0" visitedClasses="1" numClasses="1" visitedMethods="2" numMethods="2" />
          <FullName>AutoDestroyParticleSystem</FullName>
          <Methods>
            <Method visited="true" cyclomaticComplexity="0" nPathComplexity="0" sequenceCoverage="100.0" branchCoverage="0" crapScore="0" isConstructor="false" isStatic="false" isGetter="false" isSetter="false">
              <Summary numSequencePoints="3" visitedSequencePoints="3" numBranchPoints="0" visitedBranchPoints="0" sequenceCoverage="100.0" branchCoverage="0" maxCyclomaticComplexity="0" minCyclomaticComplexity="0" maxCrapScore="0" minCrapScore="0" visitedClasses="0" numClasses="0" visitedMethods="1" numMethods="1" />
              <MetadataToken>100663302</MetadataToken>
              <Name>System.Void AutoDestroyParticleSystem::Start()</Name>
              <FileRef uid="3" />
              <SequencePoints>
                <SequencePoint vc="1" uspid="421" ordinal="0" offset="0" sl="8" sc="5" el="8" ec="5" bec="0" bev="0" fileid="3" />
                <SequencePoint vc="1" uspid="422" ordinal="0" offset="1" sl="9" sc="9" el="9" ec="9" bec="0" bev="0" fileid="3" />
                <SequencePoint vc="1" uspid="423" ordinal="0" offset="13" sl="10" sc="5" el="10" ec="5" bec="0" bev="0" fileid="3" />
              </SequencePoints>
              <BranchPoints />
            </Method>
            <Method visited="true" cyclomaticComplexity="0" nPathComplexity="0" sequenceCoverage="50.00" branchCoverage="0" crapScore="0" isConstructor="false" isStatic="false" isGetter="false" isSetter="false">
              <Summary numSequencePoints="6" visitedSequencePoints="3" numBranchPoints="0" visitedBranchPoints="0" sequenceCoverage="50.00" branchCoverage="0" maxCyclomaticComplexity="0" minCyclomaticComplexity="0" maxCrapScore="0" minCrapScore="0" visitedClasses="0" numClasses="0" visitedMethods="1" numMethods="1" />
              <MetadataToken>100663303</MetadataToken>
              <Name>System.Void AutoDestroyParticleSystem::Update()</Name>
              <FileRef uid="3" />
              <SequencePoints>
                <SequencePoint vc="1" uspid="424" ordinal="0" offset="0" sl="13" sc="5" el="13" ec="5" bec="0" bev="0" fileid="3" />
                <SequencePoint vc="1" uspid="425" ordinal="0" offset="1" sl="14" sc="9" el="14" ec="9" bec="0" bev="0" fileid="3" />
                <SequencePoint vc="0" uspid="426" ordinal="0" offset="19" sl="15" sc="9" el="15" ec="9" bec="0" bev="0" fileid="3" />
                <SequencePoint vc="0" uspid="427" ordinal="0" offset="20" sl="16" sc="13" el="16" ec="13" bec="0" bev="0" fileid="3" />
                <SequencePoint vc="0" uspid="428" ordinal="0" offset="32" sl="17" sc="9" el="17" ec="9" bec="0" bev="0" fileid="3" />
                <SequencePoint vc="1" uspid="429" ordinal="0" offset="33" sl="18" sc="5" el="18" ec="5" bec="0" bev="0" fileid="3" />
              </SequencePoints>
              <BranchPoints />
            </Method>
          </Methods>
        </Class>
        <Class>
          <Summary numSequencePoints="15" visitedSequencePoints="15" numBranchPoints="0" visitedBranchPoints="0" sequenceCoverage="100.0" branchCoverage="0.0" maxCyclomaticComplexity="0" minCyclomaticComplexity="0" maxCrapScore="0" minCrapScore="0" visitedClasses="1" numClasses="1" visitedMethods="4" numMethods="4" />
          <FullName>Game</FullName>
          <Methods>
            <Method visited="true" cyclomaticComplexity="0" nPathComplexity="0" sequenceCoverage="100.0" branchCoverage="0" crapScore="0" isConstructor="false" isStatic="false" isGetter="false" isSetter="false">
              <Summary numSequencePoints="7" visitedSequencePoints="7" numBranchPoints="0" visitedBranchPoints="0" sequenceCoverage="100.0" branchCoverage="0" maxCyclomaticComplexity="0" minCyclomaticComplexity="0" maxCrapScore="0" minCrapScore="0" visitedClasses="0" numClasses="0" visitedMethods="1" numMethods="1" />
              <MetadataToken>100663306</MetadataToken>
              <Name>System.Void Game::Start()</Name>
              <FileRef uid="4" />
              <SequencePoints>
                <SequencePoint vc="1" uspid="433" ordinal="0" offset="0" sl="54" sc="5" el="54" ec="5" bec="0" bev="0" fileid="4" />
                <SequencePoint vc="1" uspid="434" ordinal="0" offset="1" sl="55" sc="9" el="55" ec="9" bec="0" bev="0" fileid="4" />
                <SequencePoint vc="1" uspid="435" ordinal="0" offset="7" sl="56" sc="9" el="56" ec="9" bec="0" bev="0" fileid="4" />
                <SequencePoint vc="1" uspid="436" ordinal="0" offset="20" sl="57" sc="9" el="57" ec="9" bec="0" bev="0" fileid="4" />
                <SequencePoint vc="1" uspid="437" ordinal="0" offset="33" sl="58" sc="9" el="58" ec="9" bec="0" bev="0" fileid="4" />
                <SequencePoint vc="1" uspid="438" ordinal="0" offset="46" sl="59" sc="9" el="59" ec="9" bec="0" bev="0" fileid="4" />
                <SequencePoint vc="1" uspid="439" ordinal="0" offset="59" sl="60" sc="5" el="60" ec="5" bec="0" bev="0" fileid="4" />
              </SequencePoints>
              <BranchPoints />
            </Method>
            <Method visited="true" cyclomaticComplexity="0" nPathComplexity="0" sequenceCoverage="100.0" branchCoverage="0" crapScore="0" isConstructor="false" isStatic="false" isGetter="false" isSetter="false">
              <Summary numSequencePoints="3" visitedSequencePoints="3" numBranchPoints="0" visitedBranchPoints="0" sequenceCoverage="100.0" branchCoverage="0" maxCyclomaticComplexity="0" minCyclomaticComplexity="0" maxCrapScore="0" minCrapScore="0" visitedClasses="0" numClasses="0" visitedMethods="1" numMethods="1" />
              <MetadataToken>100663311</MetadataToken>
              <Name>Ship Game::GetShip()</Name>
              <FileRef uid="4" />
              <SequencePoints>
                <SequencePoint vc="1" uspid="468" ordinal="0" offset="0" sl="100" sc="5" el="100" ec="5" bec="0" bev="0" fileid="4" />
                <SequencePoint vc="1" uspid="469" ordinal="0" offset="1" sl="101" sc="9" el="101" ec="9" bec="0" bev="0" fileid="4" />
                <SequencePoint vc="1" uspid="470" ordinal="0" offset="15" sl="102" sc="5" el="102" ec="5" bec="0" bev="0" fileid="4" />
              </SequencePoints>
              <BranchPoints />
            </Method>
            <Method visited="true" cyclomaticComplexity="0" nPathComplexity="0" sequenceCoverage="100.0" branchCoverage="0" crapScore="0" isConstructor="false" isStatic="false" isGetter="false" isSetter="false">
              <Summary numSequencePoints="3" visitedSequencePoints="3" numBranchPoints="0" visitedBranchPoints="0" sequenceCoverage="100.0" branchCoverage="0" maxCyclomaticComplexity="0" minCyclomaticComplexity="0" maxCrapScore="0" minCrapScore="0" visitedClasses="0" numClasses="0" visitedMethods="1" numMethods="1" />
              <MetadataToken>100663312</MetadataToken>
              <Name>Spawner Game::GetSpawner()</Name>
              <FileRef uid="4" />
              <SequencePoints>
                <SequencePoint vc="1" uspid="471" ordinal="0" offset="0" sl="105" sc="5" el="105" ec="5" bec="0" bev="0" fileid="4" />
                <SequencePoint vc="1" uspid="472" ordinal="0" offset="1" sl="106" sc="9" el="106" ec="9" bec="0" bev="0" fileid="4" />
                <SequencePoint vc="1" uspid="473" ordinal="0" offset="15" sl="107" sc="5" el="107" ec="5" bec="0" bev="0" fileid="4" />
              </SequencePoints>
              <BranchPoints />
            </Method>
            <Method visited="true" cyclomaticComplexity="0" nPathComplexity="0" sequenceCoverage="100.0" branchCoverage="0" crapScore="0" isConstructor="true" isStatic="false" isGetter="false" isSetter="false">
              <Summary numSequencePoints="2" visitedSequencePoints="2" numBranchPoints="0" visitedBranchPoints="0" sequenceCoverage="100.0" branchCoverage="0" maxCyclomaticComplexity="0" minCyclomaticComplexity="0" maxCrapScore="0" minCrapScore="0" visitedClasses="0" numClasses="0" visitedMethods="1" numMethods="1" />
              <MetadataToken>100663313</MetadataToken>
              <Name>Game::Game()</Name>
              <FileRef uid="4" />
              <SequencePoints>
                <SequencePoint vc="2" uspid="474" ordinal="0" offset="0" sl="37" sc="5" el="37" ec="5" bec="0" bev="0" fileid="4" />
                <SequencePoint vc="2" uspid="475" ordinal="0" offset="7" sl="38" sc="5" el="38" ec="5" bec="0" bev="0" fileid="4" />
              </SequencePoints>
              <BranchPoints />
            </Method>
          </Methods>
        </Class>
        <Class>
          <Summary numSequencePoints="25" visitedSequencePoints="13" numBranchPoints="0" visitedBranchPoints="0" sequenceCoverage="52.00" branchCoverage="0.0" maxCyclomaticComplexity="0" minCyclomaticComplexity="0" maxCrapScore="0" minCrapScore="0" visitedClasses="1" numClasses="1" visitedMethods="3" numMethods="3" />
          <FullName>Ship</FullName>
          <Methods>
            <Method visited="true" cyclomaticComplexity="0" nPathComplexity="0" sequenceCoverage="100.0" branchCoverage="0" crapScore="0" isConstructor="false" isStatic="false" isGetter="false" isSetter="false">
              <Summary numSequencePoints="3" visitedSequencePoints="3" numBranchPoints="0" visitedBranchPoints="0" sequenceCoverage="100.0" branchCoverage="0" maxCyclomaticComplexity="0" minCyclomaticComplexity="0" maxCrapScore="0" minCrapScore="0" visitedClasses="0" numClasses="0" visitedMethods="1" numMethods="1" />
              <MetadataToken>100663319</MetadataToken>
              <Name>System.Void Ship::Awake()</Name>
              <FileRef uid="6" />
              <SequencePoints>
                <SequencePoint vc="1" uspid="499" ordinal="0" offset="0" sl="52" sc="5" el="52" ec="5" bec="0" bev="0" fileid="6" />
                <SequencePoint vc="1" uspid="500" ordinal="0" offset="1" sl="53" sc="9" el="53" ec="9" bec="0" bev="0" fileid="6" />
                <SequencePoint vc="1" uspid="501" ordinal="0" offset="13" sl="54" sc="5" el="54" ec="5" bec="0" bev="0" fileid="6" />
              </SequencePoints>
              <BranchPoints />
            </Method>
            <Method visited="true" cyclomaticComplexity="0" nPathComplexity="0" sequenceCoverage="29.41" branchCoverage="0" crapScore="0" isConstructor="false" isStatic="false" isGetter="false" isSetter="false">
              <Summary numSequencePoints="17" visitedSequencePoints="5" numBranchPoints="0" visitedBranchPoints="0" sequenceCoverage="29.41" branchCoverage="0" maxCyclomaticComplexity="0" minCyclomaticComplexity="0" maxCrapScore="0" minCrapScore="0" visitedClasses="0" numClasses="0" visitedMethods="1" numMethods="1" />
              <MetadataToken>100663320</MetadataToken>
              <Name>System.Void Ship::Update()</Name>
              <FileRef uid="6" />
              <SequencePoints>
                <SequencePoint vc="3" uspid="502" ordinal="0" offset="0" sl="57" sc="5" el="57" ec="5" bec="0" bev="0" fileid="6" />
                <SequencePoint vc="3" uspid="503" ordinal="0" offset="1" sl="58" sc="9" el="58" ec="9" bec="0" bev="0" fileid="6" />
                <SequencePoint vc="3" uspid="504" ordinal="0" offset="11" sl="59" sc="9" el="59" ec="9" bec="0" bev="0" fileid="6" />
                <SequencePoint vc="3" uspid="505" ordinal="0" offset="12" sl="60" sc="13" el="60" ec="13" bec="0" bev="0" fileid="6" />
                <SequencePoint vc="0" uspid="506" ordinal="0" offset="14" sl="63" sc="9" el="63" ec="9" bec="0" bev="0" fileid="6" />
                <SequencePoint vc="0" uspid="507" ordinal="0" offset="36" sl="64" sc="9" el="64" ec="9" bec="0" bev="0" fileid="6" />
                <SequencePoint vc="0" uspid="508" ordinal="0" offset="37" sl="65" sc="13" el="65" ec="13" bec="0" bev="0" fileid="6" />
                <SequencePoint vc="0" uspid="509" ordinal="0" offset="44" sl="66" sc="9" el="66" ec="9" bec="0" bev="0" fileid="6" />
                <SequencePoint vc="0" uspid="510" ordinal="0" offset="45" sl="68" sc="9" el="68" ec="9" bec="0" bev="0" fileid="6" />
                <SequencePoint vc="0" uspid="511" ordinal="0" offset="59" sl="69" sc="9" el="69" ec="9" bec="0" bev="0" fileid="6" />
                <SequencePoint vc="0" uspid="512" ordinal="0" offset="60" sl="70" sc="13" el="70" ec="13" bec="0" bev="0" fileid="6" />
                <SequencePoint vc="0" uspid="513" ordinal="0" offset="67" sl="71" sc="9" el="71" ec="9" bec="0" bev="0" fileid="6" />
                <SequencePoint vc="0" uspid="514" ordinal="0" offset="68" sl="73" sc="9" el="73" ec="9" bec="0" bev="0" fileid="6" />
                <SequencePoint vc="0" uspid="515" ordinal="0" offset="82" sl="74" sc="9" el="74" ec="9" bec="0" bev="0" fileid="6" />
                <SequencePoint vc="0" uspid="516" ordinal="0" offset="83" sl="75" sc="13" el="75" ec="13" bec="0" bev="0" fileid="6" />
                <SequencePoint vc="0" uspid="517" ordinal="0" offset="90" sl="76" sc="9" el="76" ec="9" bec="0" bev="0" fileid="6" />
                <SequencePoint vc="3" uspid="518" ordinal="0" offset="91" sl="77" sc="5" el="77" ec="5" bec="0" bev="0" fileid="6" />
              </SequencePoints>
              <BranchPoints />
            </Method>
            <Method visited="true" cyclomaticComplexity="0" nPathComplexity="0" sequenceCoverage="100.0" branchCoverage="0" crapScore="0" isConstructor="true" isStatic="false" isGetter="false" isSetter="false">
              <Summary numSequencePoints="5" visitedSequencePoints="5" numBranchPoints="0" visitedBranchPoints="0" sequenceCoverage="100.0" branchCoverage="0" maxCyclomaticComplexity="0" minCyclomaticComplexity="0" maxCrapScore="0" minCrapScore="0" visitedClasses="0" numClasses="0" visitedMethods="1" numMethods="1" />
              <MetadataToken>100663328</MetadataToken>
              <Name>Ship::Ship()</Name>
              <FileRef uid="6" />
              <SequencePoints>
                <SequencePoint vc="2" uspid="553" ordinal="0" offset="0" sl="36" sc="5" el="36" ec="5" bec="0" bev="0" fileid="6" />
                <SequencePoint vc="2" uspid="554" ordinal="0" offset="7" sl="37" sc="5" el="37" ec="5" bec="0" bev="0" fileid="6" />
                <SequencePoint vc="2" uspid="555" ordinal="0" offset="18" sl="38" sc="5" el="38" ec="5" bec="0" bev="0" fileid="6" />
                <SequencePoint vc="2" uspid="556" ordinal="0" offset="25" sl="46" sc="5" el="46" ec="5" bec="0" bev="0" fileid="6" />
                <SequencePoint vc="2" uspid="557" ordinal="0" offset="36" sl="47" sc="5" el="47" ec="5" bec="0" bev="0" fileid="6" />
              </SequencePoints>
              <BranchPoints />
            </Method>
          </Methods>
        </Class>
        <Class>
          <Summary numSequencePoints="11" visitedSequencePoints="11" numBranchPoints="0" visitedBranchPoints="0" sequenceCoverage="100.0" branchCoverage="0.0" maxCyclomaticComplexity="0" minCyclomaticComplexity="0" maxCrapScore="0" minCrapScore="0" visitedClasses="1" numClasses="1" visitedMethods="2" numMethods="2" />
          <FullName>Spawner</FullName>
          <Methods>
            <Method visited="true" cyclomaticComplexity="0" nPathComplexity="0" sequenceCoverage="100.0" branchCoverage="0" crapScore="0" isConstructor="false" isStatic="false" isGetter="false" isSetter="false">
              <Summary numSequencePoints="6" visitedSequencePoints="6" numBranchPoints="0" visitedBranchPoints="0" sequenceCoverage="100.0" branchCoverage="0" maxCyclomaticComplexity="0" minCyclomaticComplexity="0" maxCrapScore="0" minCrapScore="0" visitedClasses="0" numClasses="0" visitedMethods="1" numMethods="1" />
              <MetadataToken>100663329</MetadataToken>
              <Name>System.Void Spawner::Awake()</Name>
              <FileRef uid="7" />
              <SequencePoints>
                <SequencePoint vc="1" uspid="558" ordinal="0" offset="0" sl="52" sc="5" el="52" ec="5" bec="0" bev="0" fileid="7" />
                <SequencePoint vc="1" uspid="559" ordinal="0" offset="1" sl="53" sc="9" el="53" ec="9" bec="0" bev="0" fileid="7" />
                <SequencePoint vc="1" uspid="560" ordinal="0" offset="57" sl="55" sc="9" el="55" ec="9" bec="0" bev="0" fileid="7" />
                <SequencePoint vc="1" uspid="561" ordinal="0" offset="74" sl="56" sc="9" el="56" ec="9" bec="0" bev="0" fileid="7" />
                <SequencePoint vc="1" uspid="562" ordinal="0" offset="86" sl="57" sc="9" el="57" ec="9" bec="0" bev="0" fileid="7" />
                <SequencePoint vc="1" uspid="563" ordinal="0" offset="98" sl="58" sc="5" el="58" ec="5" bec="0" bev="0" fileid="7" />
              </SequencePoints>
              <BranchPoints />
            </Method>
            <Method visited="true" cyclomaticComplexity="0" nPathComplexity="0" sequenceCoverage="100.0" branchCoverage="0" crapScore="0" isConstructor="false" isStatic="false" isGetter="false" isSetter="false">
              <Summary numSequencePoints="5" visitedSequencePoints="5" numBranchPoints="0" visitedBranchPoints="0" sequenceCoverage="100.0" branchCoverage="0" maxCyclomaticComplexity="0" minCyclomaticComplexity="0" maxCrapScore="0" minCrapScore="0" visitedClasses="0" numClasses="0" visitedMethods="1" numMethods="1" />
              <MetadataToken>100663333</MetadataToken>
              <Name>UnityEngine.GameObject Spawner::SpawnAsteroidExplosion(UnityEngine.Vector3)</Name>
              <FileRef uid="7" />
              <SequencePoints>
                <SequencePoint vc="1" uspid="584" ordinal="0" offset="0" sl="103" sc="5" el="103" ec="5" bec="0" bev="0" fileid="7" />
                <SequencePoint vc="1" uspid="585" ordinal="0" offset="1" sl="104" sc="9" el="104" ec="9" bec="0" bev="0" fileid="7" />
                <SequencePoint vc="1" uspid="586" ordinal="0" offset="19" sl="105" sc="9" el="105" ec="9" bec="0" bev="0" fileid="7" />
                <SequencePoint vc="1" uspid="587" ordinal="0" offset="27" sl="106" sc="9" el="106" ec="9" bec="0" bev="0" fileid="7" />
                <SequencePoint vc="1" uspid="588" ordinal="0" offset="31" sl="107" sc="5" el="107" ec="5" bec="0" bev="0" fileid="7" />
              </SequencePoints>
              <BranchPoints />
            </Method>
          </Methods>
        </Class>
      </Classes>
    </Module>
  </Modules>
</CoverageSession>